# JRE version: OpenJDK Runtime Environment (7.0_79-b14) (build 1.7.0_79-b14)
# Java VM: OpenJDK Client VM (24.79-b02 mixed mode, sharing linux-x86 )
Heap
 def new generation   total 97536K, used 1371K [0x6e800000, 0x751d0000, 0x792a0000)
  eden space 86720K,   1% used [0x6e800000, 0x6e956cf8, 0x73cb0000)
  from space 10816K,   0% used [0x74740000, 0x74740000, 0x751d0000)
  to   space 10816K,   0% used [0x73cb0000, 0x73cb0000, 0x74740000)
 tenured generation   total 216608K, used 216409K [0x792a0000, 0x86628000, 0x8e800000)
   the space 216608K,  99% used [0x792a0000, 0x865f6648, 0x865f6800, 0x86628000)
 compacting perm gen  total 12288K, used 8034K [0x8e800000, 0x8f400000, 0x92800000)
   the space 12288K,  65% used [0x8e800000, 0x8efd8a80, 0x8efd8c00, 0x8f400000)
    ro space 10240K,  58% used [0x92800000, 0x92de1320, 0x92de1400, 0x93200000)
    rw space 12288K,  59% used [0x93200000, 0x93916340, 0x93916400, 0x93e00000)
GC Heap History (10 events):
Event: 150755.880 GC heap after
Heap after GC invocations=2692 (full 26):
 def new generation   total 97536K, used 2085K [0x6e800000, 0x751d0000, 0x792a0000)
  eden space 86720K,   0% used [0x6e800000, 0x6e800000, 0x73cb0000)
  from space 10816K,  19% used [0x74740000, 0x749496a8, 0x751d0000)
  to   space 10816K,   0% used [0x73cb0000, 0x73cb0000, 0x74740000)
 tenured generation   total 216608K, used 189176K [0x792a0000, 0x86628000, 0x8e800000)
   the space 216608K,  87% used [0x792a0000, 0x84b5e2a0, 0x84b5e400, 0x86628000)
 compacting perm gen  total 12288K, used 8034K [0x8e800000, 0x8f400000, 0x92800000)
   the space 12288K,  65% used [0x8e800000, 0x8efd8a80, 0x8efd8c00, 0x8f400000)
    ro space 10240K,  58% used [0x92800000, 0x92de1320, 0x92de1400, 0x93200000)
    rw space 12288K,  59% used [0x93200000, 0x93916340, 0x93916400, 0x93e00000)
}
Event: 150756.863 GC heap before
{Heap before GC invocations=2692 (full 26):
 def new generation   total 97536K, used 88805K [0x6e800000, 0x751d0000, 0x792a0000)
  eden space 86720K, 100% used [0x6e800000, 0x73cb0000, 0x73cb0000)
  from space 10816K,  19% used [0x74740000, 0x749496a8, 0x751d0000)
  to   space 10816K,   0% used [0x73cb0000, 0x73cb0000, 0x74740000)
 tenured generation   total 216608K, used 189176K [0x792a0000, 0x86628000, 0x8e800000)
   the space 216608K,  87% used [0x792a0000, 0x84b5e2a0, 0x84b5e400, 0x86628000)
 compacting perm gen  total 12288K, used 8034K [0x8e800000, 0x8f400000, 0x92800000)
   the space 12288K,  65% used [0x8e800000, 0x8efd8a80, 0x8efd8c00, 0x8f400000)
    ro space 10240K,  58% used [0x92800000, 0x92de1320, 0x92de1400, 0x93200000)
    rw space 12288K,  59% used [0x93200000, 0x93916340, 0x93916400, 0x93e00000)
Event: 150756.870 GC heap after
Heap after GC invocations=2693 (full 26):
 def new generation   total 97536K, used 2160K [0x6e800000, 0x751d0000, 0x792a0000)
  eden space 86720K,   0% used [0x6e800000, 0x6e800000, 0x73cb0000)
  from space 10816K,  19% used [0x73cb0000, 0x73ecc290, 0x74740000)
  to   space 10816K,   0% used [0x74740000, 0x74740000, 0x751d0000)
 tenured generation   total 216608K, used 189300K [0x792a0000, 0x86628000, 0x8e800000)
   the space 216608K,  87% used [0x792a0000, 0x84b7d030, 0x84b7d200, 0x86628000)
 compacting perm gen  total 12288K, used 8034K [0x8e800000, 0x8f400000, 0x92800000)
   the space 12288K,  65% used [0x8e800000, 0x8efd8a80, 0x8efd8c00, 0x8f400000)
    ro space 10240K,  58% used [0x92800000, 0x92de1320, 0x92de1400, 0x93200000)
    rw space 12288K,  59% used [0x93200000, 0x93916340, 0x93916400, 0x93e00000)
}
Event: 150757.968 GC heap before
{Heap before GC invocations=2693 (full 26):
 def new generation   total 97536K, used 88880K [0x6e800000, 0x751d0000, 0x792a0000)
  eden space 86720K, 100% used [0x6e800000, 0x73cb0000, 0x73cb0000)
  from space 10816K,  19% used [0x73cb0000, 0x73ecc290, 0x74740000)
  to   space 10816K,   0% used [0x74740000, 0x74740000, 0x751d0000)
 tenured generation   total 216608K, used 189300K [0x792a0000, 0x86628000, 0x8e800000)
   the space 216608K,  87% used [0x792a0000, 0x84b7d030, 0x84b7d200, 0x86628000)
 compacting perm gen  total 12288K, used 8034K [0x8e800000, 0x8f400000, 0x92800000)
   the space 12288K,  65% used [0x8e800000, 0x8efd8a80, 0x8efd8c00, 0x8f400000)
    ro space 10240K,  58% used [0x92800000, 0x92de1320, 0x92de1400, 0x93200000)
    rw space 12288K,  59% used [0x93200000, 0x93916340, 0x93916400, 0x93e00000)
Event: 150757.977 GC heap after
Heap after GC invocations=2694 (full 26):
 def new generation   total 97536K, used 2155K [0x6e800000, 0x751d0000, 0x792a0000)
  eden space 86720K,   0% used [0x6e800000, 0x6e800000, 0x73cb0000)
  from space 10816K,  19% used [0x74740000, 0x7495aeb0, 0x751d0000)
  to   space 10816K,   0% used [0x73cb0000, 0x73cb0000, 0x74740000)
 tenured generation   total 216608K, used 189391K [0x792a0000, 0x86628000, 0x8e800000)
   the space 216608K,  87% used [0x792a0000, 0x84b93d38, 0x84b93e00, 0x86628000)
 compacting perm gen  total 12288K, used 8034K [0x8e800000, 0x8f400000, 0x92800000)
   the space 12288K,  65% used [0x8e800000, 0x8efd8a80, 0x8efd8c00, 0x8f400000)
    ro space 10240K,  58% used [0x92800000, 0x92de1320, 0x92de1400, 0x93200000)
    rw space 12288K,  59% used [0x93200000, 0x93916340, 0x93916400, 0x93e00000)
}
Event: 150759.954 GC heap before
{Heap before GC invocations=2694 (full 26):
 def new generation   total 97536K, used 36336K [0x6e800000, 0x751d0000, 0x792a0000)
  eden space 86720K,  39% used [0x6e800000, 0x70961510, 0x73cb0000)
  from space 10816K,  19% used [0x74740000, 0x7495aeb0, 0x751d0000)
  to   space 10816K,   0% used [0x73cb0000, 0x73cb0000, 0x74740000)
 tenured generation   total 216608K, used 189391K [0x792a0000, 0x86628000, 0x8e800000)
   the space 216608K,  87% used [0x792a0000, 0x84b93d38, 0x84b93e00, 0x86628000)
 compacting perm gen  total 12288K, used 8034K [0x8e800000, 0x8f400000, 0x92800000)
   the space 12288K,  65% used [0x8e800000, 0x8efd8a80, 0x8efd8c00, 0x8f400000)
    ro space 10240K,  58% used [0x92800000, 0x92de1320, 0x92de1400, 0x93200000)
    rw space 12288K,  59% used [0x93200000, 0x93916340, 0x93916400, 0x93e00000)
Event: 150759.967 GC heap after
Heap after GC invocations=2695 (full 26):
 def new generation   total 97536K, used 2332K [0x6e800000, 0x751d0000, 0x792a0000)
  eden space 86720K,   0% used [0x6e800000, 0x6e800000, 0x73cb0000)
  from space 10816K,  21% used [0x73cb0000, 0x73ef7230, 0x74740000)
  to   space 10816K,   0% used [0x74740000, 0x74740000, 0x751d0000)
 tenured generation   total 216608K, used 189499K [0x792a0000, 0x86628000, 0x8e800000)
   the space 216608K,  87% used [0x792a0000, 0x84baef70, 0x84baf000, 0x86628000)
 compacting perm gen  total 12288K, used 8034K [0x8e800000, 0x8f400000, 0x92800000)
   the space 12288K,  65% used [0x8e800000, 0x8efd8a80, 0x8efd8c00, 0x8f400000)
    ro space 10240K,  58% used [0x92800000, 0x92de1320, 0x92de1400, 0x93200000)
    rw space 12288K,  59% used [0x93200000, 0x93916340, 0x93916400, 0x93e00000)
}
Event: 150862.388 GC heap before
{Heap before GC invocations=2695 (full 26):
 def new generation   total 97536K, used 89052K [0x6e800000, 0x751d0000, 0x792a0000)
  eden space 86720K, 100% used [0x6e800000, 0x73cb0000, 0x73cb0000)
  from space 10816K,  21% used [0x73cb0000, 0x73ef7230, 0x74740000)
  to   space 10816K,   0% used [0x74740000, 0x74740000, 0x751d0000)
 tenured generation   total 216608K, used 189499K [0x792a0000, 0x86628000, 0x8e800000)
   the space 216608K,  87% used [0x792a0000, 0x84baef70, 0x84baf000, 0x86628000)
 compacting perm gen  total 12288K, used 8034K [0x8e800000, 0x8f400000, 0x92800000)
   the space 12288K,  65% used [0x8e800000, 0x8efd8a80, 0x8efd8c00, 0x8f400000)
    ro space 10240K,  58% used [0x92800000, 0x92de1320, 0x92de1400, 0x93200000)
    rw space 12288K,  59% used [0x93200000, 0x93916340, 0x93916400, 0x93e00000)
Event: 150862.433 GC heap after
Heap after GC invocations=2696 (full 26):
 def new generation   total 97536K, used 10816K [0x6e800000, 0x751d0000, 0x792a0000)
  eden space 86720K,   0% used [0x6e800000, 0x6e800000, 0x73cb0000)
  from space 10816K, 100% used [0x74740000, 0x751d0000, 0x751d0000)
  to   space 10816K,   0% used [0x73cb0000, 0x73cb0000, 0x74740000)
 tenured generation   total 216608K, used 207002K [0x792a0000, 0x86628000, 0x8e800000)
   the space 216608K,  95% used [0x792a0000, 0x85cc6948, 0x85cc6a00, 0x86628000)
 compacting perm gen  total 12288K, used 8034K [0x8e800000, 0x8f400000, 0x92800000)
   the space 12288K,  65% used [0x8e800000, 0x8efd8a80, 0x8efd8c00, 0x8f400000)
    ro space 10240K,  58% used [0x92800000, 0x92de1320, 0x92de1400, 0x93200000)
    rw space 12288K,  59% used [0x93200000, 0x93916340, 0x93916400, 0x93e00000)
}
Event: 150862.524 GC heap before
{Heap before GC invocations=2696 (full 26):
 def new generation   total 97536K, used 13857K [0x6e800000, 0x751d0000, 0x792a0000)
  eden space 86720K,   3% used [0x6e800000, 0x6eaf8660, 0x73cb0000)
  from space 10816K, 100% used [0x74740000, 0x751d0000, 0x751d0000)
  to   space 10816K,   0% used [0x73cb0000, 0x73cb0000, 0x74740000)
 tenured generation   total 216608K, used 207002K [0x792a0000, 0x86628000, 0x8e800000)
   the space 216608K,  95% used [0x792a0000, 0x85cc6948, 0x85cc6a00, 0x86628000)
 compacting perm gen  total 12288K, used 8034K [0x8e800000, 0x8f400000, 0x92800000)
   the space 12288K,  65% used [0x8e800000, 0x8efd8a80, 0x8efd8c00, 0x8f400000)
    ro space 10240K,  58% used [0x92800000, 0x92de1320, 0x92de1400, 0x93200000)
    rw space 12288K,  59% used [0x93200000, 0x93916340, 0x93916400, 0x93e00000)

