# JRE version: OpenJDK Runtime Environment (7.0_79-b14) (build 1.7.0_79-b14)
# Java VM: OpenJDK Client VM (24.79-b02 mixed mode, sharing linux-x86 )
Heap
 def new generation   total 71168K, used 6250K [0x6e800000, 0x73530000, 0x792a0000)
  eden space 63296K,   9% used [0x6e800000, 0x6ee1abf0, 0x725d0000)
  from space 7872K,   0% used [0x72d80000, 0x72d80000, 0x73530000)
  to   space 7872K,   0% used [0x725d0000, 0x725d0000, 0x72d80000)
 tenured generation   total 187956K, used 187955K [0x792a0000, 0x84a2d000, 0x8e800000)
   the space 187956K,  99% used [0x792a0000, 0x84a2cfd8, 0x84a2d000, 0x84a2d000)
 compacting perm gen  total 12288K, used 7529K [0x8e800000, 0x8f400000, 0x92800000)
   the space 12288K,  61% used [0x8e800000, 0x8ef5a4e8, 0x8ef5a600, 0x8f400000)
    ro space 10240K,  58% used [0x92800000, 0x92de1320, 0x92de1400, 0x93200000)
    rw space 12288K,  59% used [0x93200000, 0x93916340, 0x93916400, 0x93e00000)
GC Heap History (10 events):
Event: 162224.738 GC heap after
Heap after GC invocations=807 (full 13):
 def new generation   total 71168K, used 2381K [0x6e800000, 0x73530000, 0x792a0000)
  eden space 63296K,   0% used [0x6e800000, 0x6e800000, 0x725d0000)
  from space 7872K,  30% used [0x725d0000, 0x72823738, 0x72d80000)
  to   space 7872K,   0% used [0x72d80000, 0x72d80000, 0x73530000)
 tenured generation   total 158028K, used 146584K [0x792a0000, 0x82cf3000, 0x8e800000)
   the space 158028K,  92% used [0x792a0000, 0x821c6190, 0x821c6200, 0x82cf3000)
 compacting perm gen  total 12288K, used 7529K [0x8e800000, 0x8f400000, 0x92800000)
   the space 12288K,  61% used [0x8e800000, 0x8ef5a4e8, 0x8ef5a600, 0x8f400000)
    ro space 10240K,  58% used [0x92800000, 0x92de1320, 0x92de1400, 0x93200000)
    rw space 12288K,  59% used [0x93200000, 0x93916340, 0x93916400, 0x93e00000)
}
Event: 162225.476 GC heap before
{Heap before GC invocations=807 (full 13):
 def new generation   total 71168K, used 65677K [0x6e800000, 0x73530000, 0x792a0000)
  eden space 63296K, 100% used [0x6e800000, 0x725d0000, 0x725d0000)
  from space 7872K,  30% used [0x725d0000, 0x72823738, 0x72d80000)
  to   space 7872K,   0% used [0x72d80000, 0x72d80000, 0x73530000)
 tenured generation   total 158028K, used 146584K [0x792a0000, 0x82cf3000, 0x8e800000)
   the space 158028K,  92% used [0x792a0000, 0x821c6190, 0x821c6200, 0x82cf3000)
 compacting perm gen  total 12288K, used 7529K [0x8e800000, 0x8f400000, 0x92800000)
   the space 12288K,  61% used [0x8e800000, 0x8ef5a4e8, 0x8ef5a600, 0x8f400000)
    ro space 10240K,  58% used [0x92800000, 0x92de1320, 0x92de1400, 0x93200000)
    rw space 12288K,  59% used [0x93200000, 0x93916340, 0x93916400, 0x93e00000)
Event: 162225.482 GC heap after
Heap after GC invocations=808 (full 13):
 def new generation   total 71168K, used 2733K [0x6e800000, 0x73530000, 0x792a0000)
  eden space 63296K,   0% used [0x6e800000, 0x6e800000, 0x725d0000)
  from space 7872K,  34% used [0x72d80000, 0x7302b470, 0x73530000)
  to   space 7872K,   0% used [0x725d0000, 0x725d0000, 0x72d80000)
 tenured generation   total 158028K, used 146597K [0x792a0000, 0x82cf3000, 0x8e800000)
   the space 158028K,  92% used [0x792a0000, 0x821c9410, 0x821c9600, 0x82cf3000)
 compacting perm gen  total 12288K, used 7529K [0x8e800000, 0x8f400000, 0x92800000)
   the space 12288K,  61% used [0x8e800000, 0x8ef5a4e8, 0x8ef5a600, 0x8f400000)
    ro space 10240K,  58% used [0x92800000, 0x92de1320, 0x92de1400, 0x93200000)
    rw space 12288K,  59% used [0x93200000, 0x93916340, 0x93916400, 0x93e00000)
}
Event: 162226.517 GC heap before
{Heap before GC invocations=808 (full 13):
 def new generation   total 71168K, used 66029K [0x6e800000, 0x73530000, 0x792a0000)
  eden space 63296K, 100% used [0x6e800000, 0x725d0000, 0x725d0000)
  from space 7872K,  34% used [0x72d80000, 0x7302b470, 0x73530000)
  to   space 7872K,   0% used [0x725d0000, 0x725d0000, 0x72d80000)
 tenured generation   total 158028K, used 146597K [0x792a0000, 0x82cf3000, 0x8e800000)
   the space 158028K,  92% used [0x792a0000, 0x821c9410, 0x821c9600, 0x82cf3000)
 compacting perm gen  total 12288K, used 7529K [0x8e800000, 0x8f400000, 0x92800000)
   the space 12288K,  61% used [0x8e800000, 0x8ef5a4e8, 0x8ef5a600, 0x8f400000)
    ro space 10240K,  58% used [0x92800000, 0x92de1320, 0x92de1400, 0x93200000)
    rw space 12288K,  59% used [0x93200000, 0x93916340, 0x93916400, 0x93e00000)
Event: 162226.527 GC heap after
Heap after GC invocations=809 (full 13):
 def new generation   total 71168K, used 3277K [0x6e800000, 0x73530000, 0x792a0000)
  eden space 63296K,   0% used [0x6e800000, 0x6e800000, 0x725d0000)
  from space 7872K,  41% used [0x725d0000, 0x72903400, 0x72d80000)
  to   space 7872K,   0% used [0x72d80000, 0x72d80000, 0x73530000)
 tenured generation   total 158028K, used 146597K [0x792a0000, 0x82cf3000, 0x8e800000)
   the space 158028K,  92% used [0x792a0000, 0x821c9410, 0x821c9600, 0x82cf3000)
 compacting perm gen  total 12288K, used 7529K [0x8e800000, 0x8f400000, 0x92800000)
   the space 12288K,  61% used [0x8e800000, 0x8ef5a4e8, 0x8ef5a600, 0x8f400000)
    ro space 10240K,  58% used [0x92800000, 0x92de1320, 0x92de1400, 0x93200000)
    rw space 12288K,  59% used [0x93200000, 0x93916340, 0x93916400, 0x93e00000)
}
Event: 162372.559 GC heap before
{Heap before GC invocations=809 (full 13):
 def new generation   total 71168K, used 66614K [0x6e800000, 0x73530000, 0x792a0000)
  eden space 63296K, 100% used [0x6e800000, 0x725d0000, 0x725d0000)
  from space 7872K,  42% used [0x725d0000, 0x7290da58, 0x72d80000)
  to   space 7872K,   0% used [0x72d80000, 0x72d80000, 0x73530000)
 tenured generation   total 158028K, used 146597K [0x792a0000, 0x82cf3000, 0x8e800000)
   the space 158028K,  92% used [0x792a0000, 0x821c9410, 0x821c9600, 0x82cf3000)
 compacting perm gen  total 12288K, used 7529K [0x8e800000, 0x8f400000, 0x92800000)
   the space 12288K,  61% used [0x8e800000, 0x8ef5a4e8, 0x8ef5a600, 0x8f400000)
    ro space 10240K,  58% used [0x92800000, 0x92de1320, 0x92de1400, 0x93200000)
    rw space 12288K,  59% used [0x93200000, 0x93916340, 0x93916400, 0x93e00000)
Event: 162372.569 GC heap after
Heap after GC invocations=810 (full 13):
 def new generation   total 71168K, used 3810K [0x6e800000, 0x73530000, 0x792a0000)
  eden space 63296K,   0% used [0x6e800000, 0x6e800000, 0x725d0000)
  from space 7872K,  48% used [0x72d80000, 0x73138b10, 0x73530000)
  to   space 7872K,   0% used [0x725d0000, 0x725d0000, 0x72d80000)
 tenured generation   total 158028K, used 146597K [0x792a0000, 0x82cf3000, 0x8e800000)
   the space 158028K,  92% used [0x792a0000, 0x821c9410, 0x821c9600, 0x82cf3000)
 compacting perm gen  total 12288K, used 7529K [0x8e800000, 0x8f400000, 0x92800000)
   the space 12288K,  61% used [0x8e800000, 0x8ef5a4e8, 0x8ef5a600, 0x8f400000)
    ro space 10240K,  58% used [0x92800000, 0x92de1320, 0x92de1400, 0x93200000)
    rw space 12288K,  59% used [0x93200000, 0x93916340, 0x93916400, 0x93e00000)
}
Event: 162372.595 GC heap before
{Heap before GC invocations=810 (full 13):
 def new generation   total 71168K, used 9286K [0x6e800000, 0x73530000, 0x792a0000)
  eden space 63296K,   8% used [0x6e800000, 0x6ed58e98, 0x725d0000)
  from space 7872K,  48% used [0x72d80000, 0x73138b10, 0x73530000)
  to   space 7872K,   0% used [0x725d0000, 0x725d0000, 0x72d80000)
 tenured generation   total 158028K, used 146597K [0x792a0000, 0x82cf3000, 0x8e800000)
   the space 158028K,  92% used [0x792a0000, 0x821c9410, 0x821c9600, 0x82cf3000)
 compacting perm gen  total 12288K, used 7529K [0x8e800000, 0x8f400000, 0x92800000)
   the space 12288K,  61% used [0x8e800000, 0x8ef5a4e8, 0x8ef5a600, 0x8f400000)
    ro space 10240K,  58% used [0x92800000, 0x92de1320, 0x92de1400, 0x93200000)
    rw space 12288K,  59% used [0x93200000, 0x93916340, 0x93916400, 0x93e00000)
Event: 162372.608 GC heap after
Heap after GC invocations=811 (full 13):
 def new generation   total 71168K, used 3727K [0x6e800000, 0x73530000, 0x792a0000)
  eden space 63296K,   0% used [0x6e800000, 0x6e800000, 0x725d0000)
  from space 7872K,  47% used [0x725d0000, 0x72973f40, 0x72d80000)
  to   space 7872K,   0% used [0x72d80000, 0x72d80000, 0x73530000)
 tenured generation   total 158028K, used 146597K [0x792a0000, 0x82cf3000, 0x8e800000)
   the space 158028K,  92% used [0x792a0000, 0x821c9410, 0x821c9600, 0x82cf3000)
 compacting perm gen  total 12288K, used 7529K [0x8e800000, 0x8f400000, 0x92800000)
   the space 12288K,  61% used [0x8e800000, 0x8ef5a4e8, 0x8ef5a600, 0x8f400000)
    ro space 10240K,  58% used [0x92800000, 0x92de1320, 0x92de1400, 0x93200000)
    rw space 12288K,  59% used [0x93200000, 0x93916340, 0x93916400, 0x93e00000)
}
Event: 162372.871 GC heap before
{Heap before GC invocations=811 (full 13):
 def new generation   total 71168K, used 67023K [0x6e800000, 0x73530000, 0x792a0000)
  eden space 63296K, 100% used [0x6e800000, 0x725d0000, 0x725d0000)
  from space 7872K,  47% used [0x725d0000, 0x72973f40, 0x72d80000)
  to   space 7872K,   0% used [0x72d80000, 0x72d80000, 0x73530000)
 tenured generation   total 158028K, used 146597K [0x792a0000, 0x82cf3000, 0x8e800000)
   the space 158028K,  92% used [0x792a0000, 0x821c9410, 0x821c9600, 0x82cf3000)
 compacting perm gen  total 12288K, used 7529K [0x8e800000, 0x8f400000, 0x92800000)
   the space 12288K,  61% used [0x8e800000, 0x8ef5a4e8, 0x8ef5a600, 0x8f400000)
    ro space 10240K,  58% used [0x92800000, 0x92de1320, 0x92de1400, 0x93200000)
    rw space 12288K,  59% used [0x93200000, 0x93916340, 0x93916400, 0x93e00000)

