# JRE version: OpenJDK Runtime Environment (7.0_79-b14) (build 1.7.0_79-b14)
# Java VM: OpenJDK Client VM (24.79-b02 mixed mode, sharing linux-x86 )
Heap
 def new generation   total 107712K, used 0K [0x6e800000, 0x75cd0000, 0x792a0000)
  eden space 95808K,   0% used [0x6e800000, 0x6e800000, 0x74590000)
  from space 11904K,   0% used [0x74590000, 0x74590000, 0x75130000)
  to   space 11904K,   0% used [0x75130000, 0x75130000, 0x75cd0000)
 tenured generation   total 239740K, used 235434K [0x792a0000, 0x87cbf000, 0x8e800000)
   the space 239740K,  98% used [0x792a0000, 0x8788abd0, 0x8788ac00, 0x87cbf000)
 compacting perm gen  total 12288K, used 8199K [0x8e800000, 0x8f400000, 0x92800000)
   the space 12288K,  66% used [0x8e800000, 0x8f001db0, 0x8f001e00, 0x8f400000)
    ro space 10240K,  58% used [0x92800000, 0x92de1320, 0x92de1400, 0x93200000)
    rw space 12288K,  59% used [0x93200000, 0x93916340, 0x93916400, 0x93e00000)
GC Heap History (10 events):
Event: 3288.299 GC heap after
Heap after GC invocations=2077 (full 12):
 def new generation   total 107712K, used 3134K [0x6e800000, 0x75cd0000, 0x792a0000)
  eden space 95808K,   0% used [0x6e800000, 0x6e800000, 0x74590000)
  from space 11904K,  26% used [0x75130000, 0x7543f988, 0x75cd0000)
  to   space 11904K,   0% used [0x74590000, 0x74590000, 0x75130000)
 tenured generation   total 239112K, used 237942K [0x792a0000, 0x87c22000, 0x8e800000)
   the space 239112K,  99% used [0x792a0000, 0x87afdad8, 0x87afdc00, 0x87c22000)
 compacting perm gen  total 12288K, used 8199K [0x8e800000, 0x8f400000, 0x92800000)
   the space 12288K,  66% used [0x8e800000, 0x8f001db0, 0x8f001e00, 0x8f400000)
    ro space 10240K,  58% used [0x92800000, 0x92de1320, 0x92de1400, 0x93200000)
    rw space 12288K,  59% used [0x93200000, 0x93916340, 0x93916400, 0x93e00000)
}
Event: 3290.724 GC heap before
{Heap before GC invocations=2077 (full 12):
 def new generation   total 107712K, used 98942K [0x6e800000, 0x75cd0000, 0x792a0000)
  eden space 95808K, 100% used [0x6e800000, 0x74590000, 0x74590000)
  from space 11904K,  26% used [0x75130000, 0x7543f988, 0x75cd0000)
  to   space 11904K,   0% used [0x74590000, 0x74590000, 0x75130000)
 tenured generation   total 239112K, used 237942K [0x792a0000, 0x87c22000, 0x8e800000)
   the space 239112K,  99% used [0x792a0000, 0x87afdad8, 0x87afdc00, 0x87c22000)
 compacting perm gen  total 12288K, used 8199K [0x8e800000, 0x8f400000, 0x92800000)
   the space 12288K,  66% used [0x8e800000, 0x8f001db0, 0x8f001e00, 0x8f400000)
    ro space 10240K,  58% used [0x92800000, 0x92de1320, 0x92de1400, 0x93200000)
    rw space 12288K,  59% used [0x93200000, 0x93916340, 0x93916400, 0x93e00000)
Event: 3290.731 GC heap after
Heap after GC invocations=2078 (full 12):
 def new generation   total 107712K, used 3196K [0x6e800000, 0x75cd0000, 0x792a0000)
  eden space 95808K,   0% used [0x6e800000, 0x6e800000, 0x74590000)
  from space 11904K,  26% used [0x74590000, 0x748af220, 0x75130000)
  to   space 11904K,   0% used [0x75130000, 0x75130000, 0x75cd0000)
 tenured generation   total 239112K, used 238027K [0x792a0000, 0x87c22000, 0x8e800000)
   the space 239112K,  99% used [0x792a0000, 0x87b12c48, 0x87b12e00, 0x87c22000)
 compacting perm gen  total 12288K, used 8199K [0x8e800000, 0x8f400000, 0x92800000)
   the space 12288K,  66% used [0x8e800000, 0x8f001db0, 0x8f001e00, 0x8f400000)
    ro space 10240K,  58% used [0x92800000, 0x92de1320, 0x92de1400, 0x93200000)
    rw space 12288K,  59% used [0x93200000, 0x93916340, 0x93916400, 0x93e00000)
}
Event: 3291.629 GC heap before
{Heap before GC invocations=2078 (full 12):
 def new generation   total 107712K, used 99004K [0x6e800000, 0x75cd0000, 0x792a0000)
  eden space 95808K, 100% used [0x6e800000, 0x74590000, 0x74590000)
  from space 11904K,  26% used [0x74590000, 0x748af220, 0x75130000)
  to   space 11904K,   0% used [0x75130000, 0x75130000, 0x75cd0000)
 tenured generation   total 239112K, used 238027K [0x792a0000, 0x87c22000, 0x8e800000)
   the space 239112K,  99% used [0x792a0000, 0x87b12c48, 0x87b12e00, 0x87c22000)
 compacting perm gen  total 12288K, used 8199K [0x8e800000, 0x8f400000, 0x92800000)
   the space 12288K,  66% used [0x8e800000, 0x8f001db0, 0x8f001e00, 0x8f400000)
    ro space 10240K,  58% used [0x92800000, 0x92de1320, 0x92de1400, 0x93200000)
    rw space 12288K,  59% used [0x93200000, 0x93916340, 0x93916400, 0x93e00000)
Event: 3291.635 GC heap after
Heap after GC invocations=2079 (full 12):
 def new generation   total 107712K, used 2976K [0x6e800000, 0x75cd0000, 0x792a0000)
  eden space 95808K,   0% used [0x6e800000, 0x6e800000, 0x74590000)
  from space 11904K,  25% used [0x75130000, 0x754182b0, 0x75cd0000)
  to   space 11904K,   0% used [0x74590000, 0x74590000, 0x75130000)
 tenured generation   total 239112K, used 238351K [0x792a0000, 0x87c22000, 0x8e800000)
   the space 239112K,  99% used [0x792a0000, 0x87b63fa8, 0x87b64000, 0x87c22000)
 compacting perm gen  total 12288K, used 8199K [0x8e800000, 0x8f400000, 0x92800000)
   the space 12288K,  66% used [0x8e800000, 0x8f001db0, 0x8f001e00, 0x8f400000)
    ro space 10240K,  58% used [0x92800000, 0x92de1320, 0x92de1400, 0x93200000)
    rw space 12288K,  59% used [0x93200000, 0x93916340, 0x93916400, 0x93e00000)
}
Event: 3292.863 GC heap before
{Heap before GC invocations=2079 (full 12):
 def new generation   total 107712K, used 98784K [0x6e800000, 0x75cd0000, 0x792a0000)
  eden space 95808K, 100% used [0x6e800000, 0x74590000, 0x74590000)
  from space 11904K,  25% used [0x75130000, 0x754182b0, 0x75cd0000)
  to   space 11904K,   0% used [0x74590000, 0x74590000, 0x75130000)
 tenured generation   total 239112K, used 238351K [0x792a0000, 0x87c22000, 0x8e800000)
   the space 239112K,  99% used [0x792a0000, 0x87b63fa8, 0x87b64000, 0x87c22000)
 compacting perm gen  total 12288K, used 8199K [0x8e800000, 0x8f400000, 0x92800000)
   the space 12288K,  66% used [0x8e800000, 0x8f001db0, 0x8f001e00, 0x8f400000)
    ro space 10240K,  58% used [0x92800000, 0x92de1320, 0x92de1400, 0x93200000)
    rw space 12288K,  59% used [0x93200000, 0x93916340, 0x93916400, 0x93e00000)
Event: 3292.871 GC heap after
Heap after GC invocations=2080 (full 12):
 def new generation   total 107712K, used 3043K [0x6e800000, 0x75cd0000, 0x792a0000)
  eden space 95808K,   0% used [0x6e800000, 0x6e800000, 0x74590000)
  from space 11904K,  25% used [0x74590000, 0x74888de0, 0x75130000)
  to   space 11904K,   0% used [0x75130000, 0x75130000, 0x75cd0000)
 tenured generation   total 239112K, used 238476K [0x792a0000, 0x87c22000, 0x8e800000)
   the space 239112K,  99% used [0x792a0000, 0x87b83280, 0x87b83400, 0x87c22000)
 compacting perm gen  total 12288K, used 8199K [0x8e800000, 0x8f400000, 0x92800000)
   the space 12288K,  66% used [0x8e800000, 0x8f001db0, 0x8f001e00, 0x8f400000)
    ro space 10240K,  58% used [0x92800000, 0x92de1320, 0x92de1400, 0x93200000)
    rw space 12288K,  59% used [0x93200000, 0x93916340, 0x93916400, 0x93e00000)
}
Event: 3293.753 GC heap before
{Heap before GC invocations=2080 (full 12):
 def new generation   total 107712K, used 98851K [0x6e800000, 0x75cd0000, 0x792a0000)
  eden space 95808K, 100% used [0x6e800000, 0x74590000, 0x74590000)
  from space 11904K,  25% used [0x74590000, 0x74888de0, 0x75130000)
  to   space 11904K,   0% used [0x75130000, 0x75130000, 0x75cd0000)
 tenured generation   total 239112K, used 238476K [0x792a0000, 0x87c22000, 0x8e800000)
   the space 239112K,  99% used [0x792a0000, 0x87b83280, 0x87b83400, 0x87c22000)
 compacting perm gen  total 12288K, used 8199K [0x8e800000, 0x8f400000, 0x92800000)
   the space 12288K,  66% used [0x8e800000, 0x8f001db0, 0x8f001e00, 0x8f400000)
    ro space 10240K,  58% used [0x92800000, 0x92de1320, 0x92de1400, 0x93200000)
    rw space 12288K,  59% used [0x93200000, 0x93916340, 0x93916400, 0x93e00000)
Event: 3293.762 GC heap after
Heap after GC invocations=2081 (full 12):
 def new generation   total 107712K, used 2979K [0x6e800000, 0x75cd0000, 0x792a0000)
  eden space 95808K,   0% used [0x6e800000, 0x6e800000, 0x74590000)
  from space 11904K,  25% used [0x75130000, 0x75418e70, 0x75cd0000)
  to   space 11904K,   0% used [0x74590000, 0x74590000, 0x75130000)
 tenured generation   total 239112K, used 238645K [0x792a0000, 0x87c22000, 0x8e800000)
   the space 239112K,  99% used [0x792a0000, 0x87bad678, 0x87bad800, 0x87c22000)
 compacting perm gen  total 12288K, used 8199K [0x8e800000, 0x8f400000, 0x92800000)
   the space 12288K,  66% used [0x8e800000, 0x8f001db0, 0x8f001e00, 0x8f400000)
    ro space 10240K,  58% used [0x92800000, 0x92de1320, 0x92de1400, 0x93200000)
    rw space 12288K,  59% used [0x93200000, 0x93916340, 0x93916400, 0x93e00000)
}
Event: 3295.113 GC heap before
{Heap before GC invocations=2081 (full 12):
 def new generation   total 107712K, used 98787K [0x6e800000, 0x75cd0000, 0x792a0000)
  eden space 95808K, 100% used [0x6e800000, 0x74590000, 0x74590000)
  from space 11904K,  25% used [0x75130000, 0x75418e70, 0x75cd0000)
  to   space 11904K,   0% used [0x74590000, 0x74590000, 0x75130000)
 tenured generation   total 239112K, used 238645K [0x792a0000, 0x87c22000, 0x8e800000)
   the space 239112K,  99% used [0x792a0000, 0x87bad678, 0x87bad800, 0x87c22000)
 compacting perm gen  total 12288K, used 8199K [0x8e800000, 0x8f400000, 0x92800000)
   the space 12288K,  66% used [0x8e800000, 0x8f001db0, 0x8f001e00, 0x8f400000)
    ro space 10240K,  58% used [0x92800000, 0x92de1320, 0x92de1400, 0x93200000)
    rw space 12288K,  59% used [0x93200000, 0x93916340, 0x93916400, 0x93e00000)

