# JRE version: OpenJDK Runtime Environment (7.0_79-b14) (build 1.7.0_79-b14)
# Java VM: OpenJDK Client VM (24.79-b02 mixed mode, sharing linux-x86 )
Heap
 def new generation   total 89280K, used 0K [0x6e800000, 0x748d0000, 0x792a0000)
  eden space 79424K,   0% used [0x6e800000, 0x6e800000, 0x73590000)
  from space 9856K,   0% used [0x73590000, 0x73590000, 0x73f30000)
  to   space 9856K,   0% used [0x73f30000, 0x73f30000, 0x748d0000)
 tenured generation   total 231732K, used 176100K [0x792a0000, 0x874ed000, 0x8e800000)
   the space 231732K,  75% used [0x792a0000, 0x83e99390, 0x83e99400, 0x874ed000)
 compacting perm gen  total 12288K, used 8116K [0x8e800000, 0x8f400000, 0x92800000)
   the space 12288K,  66% used [0x8e800000, 0x8efed010, 0x8efed200, 0x8f400000)
    ro space 10240K,  58% used [0x92800000, 0x92de1320, 0x92de1400, 0x93200000)
    rw space 12288K,  59% used [0x93200000, 0x93916340, 0x93916400, 0x93e00000)
GC Heap History (10 events):
Event: 3310.865 GC heap after
Heap after GC invocations=1173 (full 10):
 def new generation   total 89280K, used 36K [0x6e800000, 0x748d0000, 0x792a0000)
  eden space 79424K,   0% used [0x6e800000, 0x6e800000, 0x73590000)
  from space 9856K,   0% used [0x73f30000, 0x73f39350, 0x748d0000)
  to   space 9856K,   0% used [0x73590000, 0x73590000, 0x73f30000)
 tenured generation   total 198212K, used 190067K [0x792a0000, 0x85431000, 0x8e800000)
   the space 198212K,  95% used [0x792a0000, 0x84c3cd78, 0x84c3ce00, 0x85431000)
 compacting perm gen  total 12288K, used 8115K [0x8e800000, 0x8f400000, 0x92800000)
   the space 12288K,  66% used [0x8e800000, 0x8efecfa0, 0x8efed000, 0x8f400000)
    ro space 10240K,  58% used [0x92800000, 0x92de1320, 0x92de1400, 0x93200000)
    rw space 12288K,  59% used [0x93200000, 0x93916340, 0x93916400, 0x93e00000)
}
Event: 3312.018 GC heap before
{Heap before GC invocations=1173 (full 10):
 def new generation   total 89280K, used 79460K [0x6e800000, 0x748d0000, 0x792a0000)
  eden space 79424K, 100% used [0x6e800000, 0x73590000, 0x73590000)
  from space 9856K,   0% used [0x73f30000, 0x73f39350, 0x748d0000)
  to   space 9856K,   0% used [0x73590000, 0x73590000, 0x73f30000)
 tenured generation   total 198212K, used 190067K [0x792a0000, 0x85431000, 0x8e800000)
   the space 198212K,  95% used [0x792a0000, 0x84c3cd78, 0x84c3ce00, 0x85431000)
 compacting perm gen  total 12288K, used 8115K [0x8e800000, 0x8f400000, 0x92800000)
   the space 12288K,  66% used [0x8e800000, 0x8efecfa0, 0x8efed000, 0x8f400000)
    ro space 10240K,  58% used [0x92800000, 0x92de1320, 0x92de1400, 0x93200000)
    rw space 12288K,  59% used [0x93200000, 0x93916340, 0x93916400, 0x93e00000)
Event: 3312.019 GC heap after
Heap after GC invocations=1174 (full 10):
 def new generation   total 89280K, used 39K [0x6e800000, 0x748d0000, 0x792a0000)
  eden space 79424K,   0% used [0x6e800000, 0x6e800000, 0x73590000)
  from space 9856K,   0% used [0x73590000, 0x73599d68, 0x73f30000)
  to   space 9856K,   0% used [0x73f30000, 0x73f30000, 0x748d0000)
 tenured generation   total 198212K, used 190067K [0x792a0000, 0x85431000, 0x8e800000)
   the space 198212K,  95% used [0x792a0000, 0x84c3cda0, 0x84c3ce00, 0x85431000)
 compacting perm gen  total 12288K, used 8115K [0x8e800000, 0x8f400000, 0x92800000)
   the space 12288K,  66% used [0x8e800000, 0x8efecfa0, 0x8efed000, 0x8f400000)
    ro space 10240K,  58% used [0x92800000, 0x92de1320, 0x92de1400, 0x93200000)
    rw space 12288K,  59% used [0x93200000, 0x93916340, 0x93916400, 0x93e00000)
}
Event: 3313.996 GC heap before
{Heap before GC invocations=1174 (full 10):
 def new generation   total 89280K, used 79463K [0x6e800000, 0x748d0000, 0x792a0000)
  eden space 79424K, 100% used [0x6e800000, 0x73590000, 0x73590000)
  from space 9856K,   0% used [0x73590000, 0x73599d68, 0x73f30000)
  to   space 9856K,   0% used [0x73f30000, 0x73f30000, 0x748d0000)
 tenured generation   total 198212K, used 190067K [0x792a0000, 0x85431000, 0x8e800000)
   the space 198212K,  95% used [0x792a0000, 0x84c3cda0, 0x84c3ce00, 0x85431000)
 compacting perm gen  total 12288K, used 8115K [0x8e800000, 0x8f400000, 0x92800000)
   the space 12288K,  66% used [0x8e800000, 0x8efecfa0, 0x8efed000, 0x8f400000)
    ro space 10240K,  58% used [0x92800000, 0x92de1320, 0x92de1400, 0x93200000)
    rw space 12288K,  59% used [0x93200000, 0x93916340, 0x93916400, 0x93e00000)
Event: 3313.997 GC heap after
Heap after GC invocations=1175 (full 10):
 def new generation   total 89280K, used 39K [0x6e800000, 0x748d0000, 0x792a0000)
  eden space 79424K,   0% used [0x6e800000, 0x6e800000, 0x73590000)
  from space 9856K,   0% used [0x73f30000, 0x73f39d80, 0x748d0000)
  to   space 9856K,   0% used [0x73590000, 0x73590000, 0x73f30000)
 tenured generation   total 198212K, used 190067K [0x792a0000, 0x85431000, 0x8e800000)
   the space 198212K,  95% used [0x792a0000, 0x84c3cdb8, 0x84c3ce00, 0x85431000)
 compacting perm gen  total 12288K, used 8115K [0x8e800000, 0x8f400000, 0x92800000)
   the space 12288K,  66% used [0x8e800000, 0x8efecfa0, 0x8efed000, 0x8f400000)
    ro space 10240K,  58% used [0x92800000, 0x92de1320, 0x92de1400, 0x93200000)
    rw space 12288K,  59% used [0x93200000, 0x93916340, 0x93916400, 0x93e00000)
}
Event: 3317.876 GC heap before
{Heap before GC invocations=1175 (full 10):
 def new generation   total 89280K, used 79463K [0x6e800000, 0x748d0000, 0x792a0000)
  eden space 79424K, 100% used [0x6e800000, 0x73590000, 0x73590000)
  from space 9856K,   0% used [0x73f30000, 0x73f39d80, 0x748d0000)
  to   space 9856K,   0% used [0x73590000, 0x73590000, 0x73f30000)
 tenured generation   total 198212K, used 190067K [0x792a0000, 0x85431000, 0x8e800000)
   the space 198212K,  95% used [0x792a0000, 0x84c3cdb8, 0x84c3ce00, 0x85431000)
 compacting perm gen  total 12288K, used 8115K [0x8e800000, 0x8f400000, 0x92800000)
   the space 12288K,  66% used [0x8e800000, 0x8efecfa0, 0x8efed000, 0x8f400000)
    ro space 10240K,  58% used [0x92800000, 0x92de1320, 0x92de1400, 0x93200000)
    rw space 12288K,  59% used [0x93200000, 0x93916340, 0x93916400, 0x93e00000)
Event: 3317.877 GC heap after
Heap after GC invocations=1176 (full 10):
 def new generation   total 89280K, used 50K [0x6e800000, 0x748d0000, 0x792a0000)
  eden space 79424K,   0% used [0x6e800000, 0x6e800000, 0x73590000)
  from space 9856K,   0% used [0x73590000, 0x7359c8a0, 0x73f30000)
  to   space 9856K,   0% used [0x73f30000, 0x73f30000, 0x748d0000)
 tenured generation   total 198212K, used 190067K [0x792a0000, 0x85431000, 0x8e800000)
   the space 198212K,  95% used [0x792a0000, 0x84c3cdb8, 0x84c3ce00, 0x85431000)
 compacting perm gen  total 12288K, used 8115K [0x8e800000, 0x8f400000, 0x92800000)
   the space 12288K,  66% used [0x8e800000, 0x8efecfa0, 0x8efed000, 0x8f400000)
    ro space 10240K,  58% used [0x92800000, 0x92de1320, 0x92de1400, 0x93200000)
    rw space 12288K,  59% used [0x93200000, 0x93916340, 0x93916400, 0x93e00000)
}
Event: 3321.564 GC heap before
{Heap before GC invocations=1176 (full 10):
 def new generation   total 89280K, used 16058K [0x6e800000, 0x748d0000, 0x792a0000)
  eden space 79424K,  20% used [0x6e800000, 0x6f7a1ff0, 0x73590000)
  from space 9856K,   0% used [0x73590000, 0x7359c8a0, 0x73f30000)
  to   space 9856K,   0% used [0x73f30000, 0x73f30000, 0x748d0000)
 tenured generation   total 198212K, used 190067K [0x792a0000, 0x85431000, 0x8e800000)
   the space 198212K,  95% used [0x792a0000, 0x84c3cdb8, 0x84c3ce00, 0x85431000)
 compacting perm gen  total 12288K, used 8115K [0x8e800000, 0x8f400000, 0x92800000)
   the space 12288K,  66% used [0x8e800000, 0x8efecfb0, 0x8efed000, 0x8f400000)
    ro space 10240K,  58% used [0x92800000, 0x92de1320, 0x92de1400, 0x93200000)
    rw space 12288K,  59% used [0x93200000, 0x93916340, 0x93916400, 0x93e00000)
Event: 3321.566 GC heap after
Heap after GC invocations=1177 (full 10):
 def new generation   total 89280K, used 376K [0x6e800000, 0x748d0000, 0x792a0000)
  eden space 79424K,   0% used [0x6e800000, 0x6e800000, 0x73590000)
  from space 9856K,   3% used [0x73f30000, 0x73f8e358, 0x748d0000)
  to   space 9856K,   0% used [0x73590000, 0x73590000, 0x73f30000)
 tenured generation   total 198212K, used 190067K [0x792a0000, 0x85431000, 0x8e800000)
   the space 198212K,  95% used [0x792a0000, 0x84c3cdb8, 0x84c3ce00, 0x85431000)
 compacting perm gen  total 12288K, used 8115K [0x8e800000, 0x8f400000, 0x92800000)
   the space 12288K,  66% used [0x8e800000, 0x8efecfb0, 0x8efed000, 0x8f400000)
    ro space 10240K,  58% used [0x92800000, 0x92de1320, 0x92de1400, 0x93200000)
    rw space 12288K,  59% used [0x93200000, 0x93916340, 0x93916400, 0x93e00000)
}
Event: 3322.046 GC heap before
{Heap before GC invocations=1177 (full 10):
 def new generation   total 89280K, used 79800K [0x6e800000, 0x748d0000, 0x792a0000)
  eden space 79424K, 100% used [0x6e800000, 0x73590000, 0x73590000)
  from space 9856K,   3% used [0x73f30000, 0x73f8e358, 0x748d0000)
  to   space 9856K,   0% used [0x73590000, 0x73590000, 0x73f30000)
 tenured generation   total 198212K, used 190067K [0x792a0000, 0x85431000, 0x8e800000)
   the space 198212K,  95% used [0x792a0000, 0x84c3cdb8, 0x84c3ce00, 0x85431000)
 compacting perm gen  total 12288K, used 8116K [0x8e800000, 0x8f400000, 0x92800000)
   the space 12288K,  66% used [0x8e800000, 0x8efed010, 0x8efed200, 0x8f400000)
    ro space 10240K,  58% used [0x92800000, 0x92de1320, 0x92de1400, 0x93200000)
    rw space 12288K,  59% used [0x93200000, 0x93916340, 0x93916400, 0x93e00000)

