# JRE version: OpenJDK Runtime Environment (7.0_79-b14) (build 1.7.0_79-b14)
# Java VM: OpenJDK Client VM (24.79-b02 mixed mode, sharing linux-x86 )
Heap
 def new generation   total 80768K, used 8931K [0x6e800000, 0x73fa0000, 0x792a0000)
  eden space 71808K,  12% used [0x6e800000, 0x6f0b8da8, 0x72e20000)
  from space 8960K,   0% used [0x72e20000, 0x72e20000, 0x736e0000)
  to   space 8960K,   0% used [0x736e0000, 0x736e0000, 0x73fa0000)
 tenured generation   total 202468K, used 202385K [0x792a0000, 0x85859000, 0x8e800000)
   the space 202468K,  99% used [0x792a0000, 0x858444c0, 0x85844600, 0x85859000)
 compacting perm gen  total 12288K, used 8221K [0x8e800000, 0x8f400000, 0x92800000)
   the space 12288K,  66% used [0x8e800000, 0x8f007630, 0x8f007800, 0x8f400000)
    ro space 10240K,  58% used [0x92800000, 0x92de1320, 0x92de1400, 0x93200000)
    rw space 12288K,  59% used [0x93200000, 0x93916340, 0x93916400, 0x93e00000)
GC Heap History (10 events):
Event: 2281.599 GC heap after
Heap after GC invocations=801 (full 9):
 def new generation   total 80768K, used 8960K [0x6e800000, 0x73fa0000, 0x792a0000)
  eden space 71808K,   0% used [0x6e800000, 0x6e800000, 0x72e20000)
  from space 8960K, 100% used [0x736e0000, 0x73fa0000, 0x73fa0000)
  to   space 8960K,   0% used [0x72e20000, 0x72e20000, 0x736e0000)
 tenured generation   total 179336K, used 149382K [0x792a0000, 0x841c2000, 0x8e800000)
   the space 179336K,  83% used [0x792a0000, 0x82481940, 0x82481a00, 0x841c2000)
 compacting perm gen  total 12288K, used 8219K [0x8e800000, 0x8f400000, 0x92800000)
   the space 12288K,  66% used [0x8e800000, 0x8f006ed0, 0x8f007000, 0x8f400000)
    ro space 10240K,  58% used [0x92800000, 0x92de1320, 0x92de1400, 0x93200000)
    rw space 12288K,  59% used [0x93200000, 0x93916340, 0x93916400, 0x93e00000)
}
Event: 2289.163 GC heap before
{Heap before GC invocations=801 (full 9):
 def new generation   total 80768K, used 80768K [0x6e800000, 0x73fa0000, 0x792a0000)
  eden space 71808K, 100% used [0x6e800000, 0x72e20000, 0x72e20000)
  from space 8960K, 100% used [0x736e0000, 0x73fa0000, 0x73fa0000)
  to   space 8960K,   0% used [0x72e20000, 0x72e20000, 0x736e0000)
 tenured generation   total 179336K, used 149382K [0x792a0000, 0x841c2000, 0x8e800000)
   the space 179336K,  83% used [0x792a0000, 0x82481940, 0x82481a00, 0x841c2000)
 compacting perm gen  total 12288K, used 8219K [0x8e800000, 0x8f400000, 0x92800000)
   the space 12288K,  66% used [0x8e800000, 0x8f006f10, 0x8f007000, 0x8f400000)
    ro space 10240K,  58% used [0x92800000, 0x92de1320, 0x92de1400, 0x93200000)
    rw space 12288K,  59% used [0x93200000, 0x93916340, 0x93916400, 0x93e00000)
Event: 2289.168 GC heap after
Heap after GC invocations=802 (full 9):
 def new generation   total 80768K, used 541K [0x6e800000, 0x73fa0000, 0x792a0000)
  eden space 71808K,   0% used [0x6e800000, 0x6e800000, 0x72e20000)
  from space 8960K,   6% used [0x72e20000, 0x72ea74a8, 0x736e0000)
  to   space 8960K,   0% used [0x736e0000, 0x736e0000, 0x73fa0000)
 tenured generation   total 179336K, used 158335K [0x792a0000, 0x841c2000, 0x8e800000)
   the space 179336K,  88% used [0x792a0000, 0x82d3ffc8, 0x82d40000, 0x841c2000)
 compacting perm gen  total 12288K, used 8219K [0x8e800000, 0x8f400000, 0x92800000)
   the space 12288K,  66% used [0x8e800000, 0x8f006f10, 0x8f007000, 0x8f400000)
    ro space 10240K,  58% used [0x92800000, 0x92de1320, 0x92de1400, 0x93200000)
    rw space 12288K,  59% used [0x93200000, 0x93916340, 0x93916400, 0x93e00000)
}
Event: 2290.098 GC heap before
{Heap before GC invocations=802 (full 9):
 def new generation   total 80768K, used 72349K [0x6e800000, 0x73fa0000, 0x792a0000)
  eden space 71808K, 100% used [0x6e800000, 0x72e20000, 0x72e20000)
  from space 8960K,   6% used [0x72e20000, 0x72ea74a8, 0x736e0000)
  to   space 8960K,   0% used [0x736e0000, 0x736e0000, 0x73fa0000)
 tenured generation   total 179336K, used 158335K [0x792a0000, 0x841c2000, 0x8e800000)
   the space 179336K,  88% used [0x792a0000, 0x82d3ffc8, 0x82d40000, 0x841c2000)
 compacting perm gen  total 12288K, used 8219K [0x8e800000, 0x8f400000, 0x92800000)
   the space 12288K,  66% used [0x8e800000, 0x8f006f10, 0x8f007000, 0x8f400000)
    ro space 10240K,  58% used [0x92800000, 0x92de1320, 0x92de1400, 0x93200000)
    rw space 12288K,  59% used [0x93200000, 0x93916340, 0x93916400, 0x93e00000)
Event: 2290.101 GC heap after
Heap after GC invocations=803 (full 9):
 def new generation   total 80768K, used 550K [0x6e800000, 0x73fa0000, 0x792a0000)
  eden space 71808K,   0% used [0x6e800000, 0x6e800000, 0x72e20000)
  from space 8960K,   6% used [0x736e0000, 0x737699d0, 0x73fa0000)
  to   space 8960K,   0% used [0x72e20000, 0x72e20000, 0x736e0000)
 tenured generation   total 179336K, used 158335K [0x792a0000, 0x841c2000, 0x8e800000)
   the space 179336K,  88% used [0x792a0000, 0x82d3ffc8, 0x82d40000, 0x841c2000)
 compacting perm gen  total 12288K, used 8219K [0x8e800000, 0x8f400000, 0x92800000)
   the space 12288K,  66% used [0x8e800000, 0x8f006f10, 0x8f007000, 0x8f400000)
    ro space 10240K,  58% used [0x92800000, 0x92de1320, 0x92de1400, 0x93200000)
    rw space 12288K,  59% used [0x93200000, 0x93916340, 0x93916400, 0x93e00000)
}
Event: 2293.023 GC heap before
{Heap before GC invocations=803 (full 9):
 def new generation   total 80768K, used 72358K [0x6e800000, 0x73fa0000, 0x792a0000)
  eden space 71808K, 100% used [0x6e800000, 0x72e20000, 0x72e20000)
  from space 8960K,   6% used [0x736e0000, 0x737699d0, 0x73fa0000)
  to   space 8960K,   0% used [0x72e20000, 0x72e20000, 0x736e0000)
 tenured generation   total 179336K, used 158335K [0x792a0000, 0x841c2000, 0x8e800000)
   the space 179336K,  88% used [0x792a0000, 0x82d3ffc8, 0x82d40000, 0x841c2000)
 compacting perm gen  total 12288K, used 8219K [0x8e800000, 0x8f400000, 0x92800000)
   the space 12288K,  66% used [0x8e800000, 0x8f006f10, 0x8f007000, 0x8f400000)
    ro space 10240K,  58% used [0x92800000, 0x92de1320, 0x92de1400, 0x93200000)
    rw space 12288K,  59% used [0x93200000, 0x93916340, 0x93916400, 0x93e00000)
Event: 2293.026 GC heap after
Heap after GC invocations=804 (full 9):
 def new generation   total 80768K, used 549K [0x6e800000, 0x73fa0000, 0x792a0000)
  eden space 71808K,   0% used [0x6e800000, 0x6e800000, 0x72e20000)
  from space 8960K,   6% used [0x72e20000, 0x72ea97f8, 0x736e0000)
  to   space 8960K,   0% used [0x736e0000, 0x736e0000, 0x73fa0000)
 tenured generation   total 179336K, used 158335K [0x792a0000, 0x841c2000, 0x8e800000)
   the space 179336K,  88% used [0x792a0000, 0x82d3ffc8, 0x82d40000, 0x841c2000)
 compacting perm gen  total 12288K, used 8219K [0x8e800000, 0x8f400000, 0x92800000)
   the space 12288K,  66% used [0x8e800000, 0x8f006f10, 0x8f007000, 0x8f400000)
    ro space 10240K,  58% used [0x92800000, 0x92de1320, 0x92de1400, 0x93200000)
    rw space 12288K,  59% used [0x93200000, 0x93916340, 0x93916400, 0x93e00000)
}
Event: 2333.379 GC heap before
{Heap before GC invocations=804 (full 9):
 def new generation   total 80768K, used 71433K [0x6e800000, 0x73fa0000, 0x792a0000)
  eden space 71808K,  98% used [0x6e800000, 0x72d38fe0, 0x72e20000)
  from space 8960K,   6% used [0x72e20000, 0x72ea97f8, 0x736e0000)
  to   space 8960K,   0% used [0x736e0000, 0x736e0000, 0x73fa0000)
 tenured generation   total 179336K, used 158335K [0x792a0000, 0x841c2000, 0x8e800000)
   the space 179336K,  88% used [0x792a0000, 0x82d3ffc8, 0x82d40000, 0x841c2000)
 compacting perm gen  total 12288K, used 8220K [0x8e800000, 0x8f400000, 0x92800000)
   the space 12288K,  66% used [0x8e800000, 0x8f007160, 0x8f007200, 0x8f400000)
    ro space 10240K,  58% used [0x92800000, 0x92de1320, 0x92de1400, 0x93200000)
    rw space 12288K,  59% used [0x93200000, 0x93916340, 0x93916400, 0x93e00000)
Event: 2333.392 GC heap after
Heap after GC invocations=805 (full 9):
 def new generation   total 80768K, used 7916K [0x6e800000, 0x73fa0000, 0x792a0000)
  eden space 71808K,   0% used [0x6e800000, 0x6e800000, 0x72e20000)
  from space 8960K,  88% used [0x736e0000, 0x73e9b110, 0x73fa0000)
  to   space 8960K,   0% used [0x72e20000, 0x72e20000, 0x736e0000)
 tenured generation   total 179336K, used 158335K [0x792a0000, 0x841c2000, 0x8e800000)
   the space 179336K,  88% used [0x792a0000, 0x82d3ffc8, 0x82d40000, 0x841c2000)
 compacting perm gen  total 12288K, used 8220K [0x8e800000, 0x8f400000, 0x92800000)
   the space 12288K,  66% used [0x8e800000, 0x8f007160, 0x8f007200, 0x8f400000)
    ro space 10240K,  58% used [0x92800000, 0x92de1320, 0x92de1400, 0x93200000)
    rw space 12288K,  59% used [0x93200000, 0x93916340, 0x93916400, 0x93e00000)
}
Event: 2350.861 GC heap before
{Heap before GC invocations=805 (full 9):
 def new generation   total 80768K, used 79724K [0x6e800000, 0x73fa0000, 0x792a0000)
  eden space 71808K, 100% used [0x6e800000, 0x72e20000, 0x72e20000)
  from space 8960K,  88% used [0x736e0000, 0x73e9b110, 0x73fa0000)
  to   space 8960K,   0% used [0x72e20000, 0x72e20000, 0x736e0000)
 tenured generation   total 179336K, used 158335K [0x792a0000, 0x841c2000, 0x8e800000)
   the space 179336K,  88% used [0x792a0000, 0x82d3ffc8, 0x82d40000, 0x841c2000)
 compacting perm gen  total 12288K, used 8221K [0x8e800000, 0x8f400000, 0x92800000)
   the space 12288K,  66% used [0x8e800000, 0x8f007630, 0x8f007800, 0x8f400000)
    ro space 10240K,  58% used [0x92800000, 0x92de1320, 0x92de1400, 0x93200000)
    rw space 12288K,  59% used [0x93200000, 0x93916340, 0x93916400, 0x93e00000)

