# JRE version: OpenJDK Runtime Environment (7.0_79-b14) (build 1.7.0_79-b14)
# Java VM: OpenJDK Client VM (24.79-b02 mixed mode, sharing linux-x86 )
Heap
 def new generation   total 91584K, used 3200K [0x6e800000, 0x74b50000, 0x792a0000)
  eden space 81472K,   3% used [0x6e800000, 0x6eb20138, 0x73790000)
  from space 10112K,   0% used [0x73790000, 0x73790000, 0x74170000)
  to   space 10112K,   0% used [0x74170000, 0x74170000, 0x74b50000)
 tenured generation   total 203632K, used 203631K [0x792a0000, 0x8597c000, 0x8e800000)
   the space 203632K,  99% used [0x792a0000, 0x8597bff8, 0x8597c000, 0x8597c000)
 compacting perm gen  total 12288K, used 7959K [0x8e800000, 0x8f400000, 0x92800000)
   the space 12288K,  64% used [0x8e800000, 0x8efc5d78, 0x8efc5e00, 0x8f400000)
    ro space 10240K,  58% used [0x92800000, 0x92de1320, 0x92de1400, 0x93200000)
    rw space 12288K,  59% used [0x93200000, 0x93916340, 0x93916400, 0x93e00000)
GC Heap History (10 events):
Event: 2857.855 GC heap after
Heap after GC invocations=677 (full 8):
 def new generation   total 91584K, used 3933K [0x6e800000, 0x74b50000, 0x792a0000)
  eden space 81472K,   0% used [0x6e800000, 0x6e800000, 0x73790000)
  from space 10112K,  38% used [0x74170000, 0x74547438, 0x74b50000)
  to   space 10112K,   0% used [0x73790000, 0x73790000, 0x74170000)
 tenured generation   total 203248K, used 202115K [0x792a0000, 0x8591c000, 0x8e800000)
   the space 203248K,  99% used [0x792a0000, 0x85800c00, 0x85800c00, 0x8591c000)
 compacting perm gen  total 12288K, used 7959K [0x8e800000, 0x8f400000, 0x92800000)
   the space 12288K,  64% used [0x8e800000, 0x8efc5d78, 0x8efc5e00, 0x8f400000)
    ro space 10240K,  58% used [0x92800000, 0x92de1320, 0x92de1400, 0x93200000)
    rw space 12288K,  59% used [0x93200000, 0x93916340, 0x93916400, 0x93e00000)
}
Event: 2860.238 GC heap before
{Heap before GC invocations=677 (full 8):
 def new generation   total 91584K, used 85405K [0x6e800000, 0x74b50000, 0x792a0000)
  eden space 81472K, 100% used [0x6e800000, 0x73790000, 0x73790000)
  from space 10112K,  38% used [0x74170000, 0x74547438, 0x74b50000)
  to   space 10112K,   0% used [0x73790000, 0x73790000, 0x74170000)
 tenured generation   total 203248K, used 202115K [0x792a0000, 0x8591c000, 0x8e800000)
   the space 203248K,  99% used [0x792a0000, 0x85800c00, 0x85800c00, 0x8591c000)
 compacting perm gen  total 12288K, used 7959K [0x8e800000, 0x8f400000, 0x92800000)
   the space 12288K,  64% used [0x8e800000, 0x8efc5d78, 0x8efc5e00, 0x8f400000)
    ro space 10240K,  58% used [0x92800000, 0x92de1320, 0x92de1400, 0x93200000)
    rw space 12288K,  59% used [0x93200000, 0x93916340, 0x93916400, 0x93e00000)
Event: 2860.249 GC heap after
Heap after GC invocations=678 (full 8):
 def new generation   total 91584K, used 3846K [0x6e800000, 0x74b50000, 0x792a0000)
  eden space 81472K,   0% used [0x6e800000, 0x6e800000, 0x73790000)
  from space 10112K,  38% used [0x73790000, 0x73b51b88, 0x74170000)
  to   space 10112K,   0% used [0x74170000, 0x74170000, 0x74b50000)
 tenured generation   total 203248K, used 202369K [0x792a0000, 0x8591c000, 0x8e800000)
   the space 203248K,  99% used [0x792a0000, 0x85840558, 0x85840600, 0x8591c000)
 compacting perm gen  total 12288K, used 7959K [0x8e800000, 0x8f400000, 0x92800000)
   the space 12288K,  64% used [0x8e800000, 0x8efc5d78, 0x8efc5e00, 0x8f400000)
    ro space 10240K,  58% used [0x92800000, 0x92de1320, 0x92de1400, 0x93200000)
    rw space 12288K,  59% used [0x93200000, 0x93916340, 0x93916400, 0x93e00000)
}
Event: 2864.977 GC heap before
{Heap before GC invocations=678 (full 8):
 def new generation   total 91584K, used 85318K [0x6e800000, 0x74b50000, 0x792a0000)
  eden space 81472K, 100% used [0x6e800000, 0x73790000, 0x73790000)
  from space 10112K,  38% used [0x73790000, 0x73b51b88, 0x74170000)
  to   space 10112K,   0% used [0x74170000, 0x74170000, 0x74b50000)
 tenured generation   total 203248K, used 202369K [0x792a0000, 0x8591c000, 0x8e800000)
   the space 203248K,  99% used [0x792a0000, 0x85840558, 0x85840600, 0x8591c000)
 compacting perm gen  total 12288K, used 7959K [0x8e800000, 0x8f400000, 0x92800000)
   the space 12288K,  64% used [0x8e800000, 0x8efc5d78, 0x8efc5e00, 0x8f400000)
    ro space 10240K,  58% used [0x92800000, 0x92de1320, 0x92de1400, 0x93200000)
    rw space 12288K,  59% used [0x93200000, 0x93916340, 0x93916400, 0x93e00000)
Event: 2864.991 GC heap after
Heap after GC invocations=679 (full 8):
 def new generation   total 91584K, used 3452K [0x6e800000, 0x74b50000, 0x792a0000)
  eden space 81472K,   0% used [0x6e800000, 0x6e800000, 0x73790000)
  from space 10112K,  34% used [0x74170000, 0x744cf038, 0x74b50000)
  to   space 10112K,   0% used [0x73790000, 0x73790000, 0x74170000)
 tenured generation   total 203248K, used 202869K [0x792a0000, 0x8591c000, 0x8e800000)
   the space 203248K,  99% used [0x792a0000, 0x858bd6a0, 0x858bd800, 0x8591c000)
 compacting perm gen  total 12288K, used 7959K [0x8e800000, 0x8f400000, 0x92800000)
   the space 12288K,  64% used [0x8e800000, 0x8efc5d78, 0x8efc5e00, 0x8f400000)
    ro space 10240K,  58% used [0x92800000, 0x92de1320, 0x92de1400, 0x93200000)
    rw space 12288K,  59% used [0x93200000, 0x93916340, 0x93916400, 0x93e00000)
}
Event: 2868.258 GC heap before
{Heap before GC invocations=679 (full 8):
 def new generation   total 91584K, used 84924K [0x6e800000, 0x74b50000, 0x792a0000)
  eden space 81472K, 100% used [0x6e800000, 0x73790000, 0x73790000)
  from space 10112K,  34% used [0x74170000, 0x744cf038, 0x74b50000)
  to   space 10112K,   0% used [0x73790000, 0x73790000, 0x74170000)
 tenured generation   total 203248K, used 202869K [0x792a0000, 0x8591c000, 0x8e800000)
   the space 203248K,  99% used [0x792a0000, 0x858bd6a0, 0x858bd800, 0x8591c000)
 compacting perm gen  total 12288K, used 7959K [0x8e800000, 0x8f400000, 0x92800000)
   the space 12288K,  64% used [0x8e800000, 0x8efc5d78, 0x8efc5e00, 0x8f400000)
    ro space 10240K,  58% used [0x92800000, 0x92de1320, 0x92de1400, 0x93200000)
    rw space 12288K,  59% used [0x93200000, 0x93916340, 0x93916400, 0x93e00000)
Event: 2868.269 GC heap after
Heap after GC invocations=680 (full 8):
 def new generation   total 91584K, used 3407K [0x6e800000, 0x74b50000, 0x792a0000)
  eden space 81472K,   0% used [0x6e800000, 0x6e800000, 0x73790000)
  from space 10112K,  33% used [0x73790000, 0x73ae3c40, 0x74170000)
  to   space 10112K,   0% used [0x74170000, 0x74170000, 0x74b50000)
 tenured generation   total 203248K, used 203113K [0x792a0000, 0x8591c000, 0x8e800000)
   the space 203248K,  99% used [0x792a0000, 0x858fa7a0, 0x858fa800, 0x8591c000)
 compacting perm gen  total 12288K, used 7959K [0x8e800000, 0x8f400000, 0x92800000)
   the space 12288K,  64% used [0x8e800000, 0x8efc5d78, 0x8efc5e00, 0x8f400000)
    ro space 10240K,  58% used [0x92800000, 0x92de1320, 0x92de1400, 0x93200000)
    rw space 12288K,  59% used [0x93200000, 0x93916340, 0x93916400, 0x93e00000)
}
Event: 2870.670 GC heap before
{Heap before GC invocations=680 (full 8):
 def new generation   total 91584K, used 84895K [0x6e800000, 0x74b50000, 0x792a0000)
  eden space 81472K, 100% used [0x6e800000, 0x73790000, 0x73790000)
  from space 10112K,  33% used [0x73790000, 0x73ae7c88, 0x74170000)
  to   space 10112K,   0% used [0x74170000, 0x74170000, 0x74b50000)
 tenured generation   total 203248K, used 203113K [0x792a0000, 0x8591c000, 0x8e800000)
   the space 203248K,  99% used [0x792a0000, 0x858fa7a0, 0x858fa800, 0x8591c000)
 compacting perm gen  total 12288K, used 7959K [0x8e800000, 0x8f400000, 0x92800000)
   the space 12288K,  64% used [0x8e800000, 0x8efc5d78, 0x8efc5e00, 0x8f400000)
    ro space 10240K,  58% used [0x92800000, 0x92de1320, 0x92de1400, 0x93200000)
    rw space 12288K,  59% used [0x93200000, 0x93916340, 0x93916400, 0x93e00000)
Event: 2870.678 GC heap after
Heap after GC invocations=681 (full 8):
 def new generation   total 91584K, used 3332K [0x6e800000, 0x74b50000, 0x792a0000)
  eden space 81472K,   0% used [0x6e800000, 0x6e800000, 0x73790000)
  from space 10112K,  32% used [0x74170000, 0x744b13e8, 0x74b50000)
  to   space 10112K,   0% used [0x73790000, 0x73790000, 0x74170000)
 tenured generation   total 203376K, used 203337K [0x792a0000, 0x8593c000, 0x8e800000)
   the space 203376K,  99% used [0x792a0000, 0x859326b0, 0x85932800, 0x8593c000)
 compacting perm gen  total 12288K, used 7959K [0x8e800000, 0x8f400000, 0x92800000)
   the space 12288K,  64% used [0x8e800000, 0x8efc5d78, 0x8efc5e00, 0x8f400000)
    ro space 10240K,  58% used [0x92800000, 0x92de1320, 0x92de1400, 0x93200000)
    rw space 12288K,  59% used [0x93200000, 0x93916340, 0x93916400, 0x93e00000)
}
Event: 2875.899 GC heap before
{Heap before GC invocations=681 (full 8):
 def new generation   total 91584K, used 84804K [0x6e800000, 0x74b50000, 0x792a0000)
  eden space 81472K, 100% used [0x6e800000, 0x73790000, 0x73790000)
  from space 10112K,  32% used [0x74170000, 0x744b13e8, 0x74b50000)
  to   space 10112K,   0% used [0x73790000, 0x73790000, 0x74170000)
 tenured generation   total 203376K, used 203337K [0x792a0000, 0x8593c000, 0x8e800000)
   the space 203376K,  99% used [0x792a0000, 0x859326b0, 0x85932800, 0x8593c000)
 compacting perm gen  total 12288K, used 7959K [0x8e800000, 0x8f400000, 0x92800000)
   the space 12288K,  64% used [0x8e800000, 0x8efc5d78, 0x8efc5e00, 0x8f400000)
    ro space 10240K,  58% used [0x92800000, 0x92de1320, 0x92de1400, 0x93200000)
    rw space 12288K,  59% used [0x93200000, 0x93916340, 0x93916400, 0x93e00000)

