# JRE version: OpenJDK Runtime Environment (7.0_79-b14) (build 1.7.0_79-b14)
# Java VM: OpenJDK Client VM (24.79-b02 mixed mode, sharing linux-x86 )
Heap
 def new generation   total 90368K, used 0K [0x6e800000, 0x74a00000, 0x792a0000)
  eden space 80384K,   0% used [0x6e800000, 0x6e800000, 0x73680000)
  from space 9984K,   0% used [0x73680000, 0x73680000, 0x74040000)
  to   space 9984K,   0% used [0x74040000, 0x74040000, 0x74a00000)
 tenured generation   total 200812K, used 190166K [0x792a0000, 0x856bb000, 0x8e800000)
   the space 200812K,  94% used [0x792a0000, 0x84c558b0, 0x84c55a00, 0x856bb000)
 compacting perm gen  total 12288K, used 8077K [0x8e800000, 0x8f400000, 0x92800000)
   the space 12288K,  65% used [0x8e800000, 0x8efe3758, 0x8efe3800, 0x8f400000)
    ro space 10240K,  58% used [0x92800000, 0x92de1320, 0x92de1400, 0x93200000)
    rw space 12288K,  59% used [0x93200000, 0x93916340, 0x93916400, 0x93e00000)
GC Heap History (10 events):
Event: 14913.667 GC heap after
Heap after GC invocations=3328 (full 19):
 def new generation   total 90368K, used 3607K [0x6e800000, 0x74a00000, 0x792a0000)
  eden space 80384K,   0% used [0x6e800000, 0x6e800000, 0x73680000)
  from space 9984K,  36% used [0x74040000, 0x743c5ff0, 0x74a00000)
  to   space 9984K,   0% used [0x73680000, 0x73680000, 0x74040000)
 tenured generation   total 200556K, used 199619K [0x792a0000, 0x8567b000, 0x8e800000)
   the space 200556K,  99% used [0x792a0000, 0x85590ea8, 0x85591000, 0x8567b000)
 compacting perm gen  total 12288K, used 8108K [0x8e800000, 0x8f400000, 0x92800000)
   the space 12288K,  65% used [0x8e800000, 0x8efeb088, 0x8efeb200, 0x8f400000)
    ro space 10240K,  58% used [0x92800000, 0x92de1320, 0x92de1400, 0x93200000)
    rw space 12288K,  59% used [0x93200000, 0x93916340, 0x93916400, 0x93e00000)
}
Event: 14915.008 GC heap before
{Heap before GC invocations=3328 (full 19):
 def new generation   total 90368K, used 83991K [0x6e800000, 0x74a00000, 0x792a0000)
  eden space 80384K, 100% used [0x6e800000, 0x73680000, 0x73680000)
  from space 9984K,  36% used [0x74040000, 0x743c5ff0, 0x74a00000)
  to   space 9984K,   0% used [0x73680000, 0x73680000, 0x74040000)
 tenured generation   total 200556K, used 199619K [0x792a0000, 0x8567b000, 0x8e800000)
   the space 200556K,  99% used [0x792a0000, 0x85590ea8, 0x85591000, 0x8567b000)
 compacting perm gen  total 12288K, used 8108K [0x8e800000, 0x8f400000, 0x92800000)
   the space 12288K,  65% used [0x8e800000, 0x8efeb088, 0x8efeb200, 0x8f400000)
    ro space 10240K,  58% used [0x92800000, 0x92de1320, 0x92de1400, 0x93200000)
    rw space 12288K,  59% used [0x93200000, 0x93916340, 0x93916400, 0x93e00000)
Event: 14915.018 GC heap after
Heap after GC invocations=3329 (full 19):
 def new generation   total 90368K, used 3661K [0x6e800000, 0x74a00000, 0x792a0000)
  eden space 80384K,   0% used [0x6e800000, 0x6e800000, 0x73680000)
  from space 9984K,  36% used [0x73680000, 0x73a135d0, 0x74040000)
  to   space 9984K,   0% used [0x74040000, 0x74040000, 0x74a00000)
 tenured generation   total 200556K, used 199824K [0x792a0000, 0x8567b000, 0x8e800000)
   the space 200556K,  99% used [0x792a0000, 0x855c4240, 0x855c4400, 0x8567b000)
 compacting perm gen  total 12288K, used 8108K [0x8e800000, 0x8f400000, 0x92800000)
   the space 12288K,  65% used [0x8e800000, 0x8efeb088, 0x8efeb200, 0x8f400000)
    ro space 10240K,  58% used [0x92800000, 0x92de1320, 0x92de1400, 0x93200000)
    rw space 12288K,  59% used [0x93200000, 0x93916340, 0x93916400, 0x93e00000)
}
Event: 14916.059 GC heap before
{Heap before GC invocations=3329 (full 19):
 def new generation   total 90368K, used 83927K [0x6e800000, 0x74a00000, 0x792a0000)
  eden space 80384K,  99% used [0x6e800000, 0x736626c8, 0x73680000)
  from space 9984K,  36% used [0x73680000, 0x73a135d0, 0x74040000)
  to   space 9984K,   0% used [0x74040000, 0x74040000, 0x74a00000)
 tenured generation   total 200556K, used 199824K [0x792a0000, 0x8567b000, 0x8e800000)
   the space 200556K,  99% used [0x792a0000, 0x855c4240, 0x855c4400, 0x8567b000)
 compacting perm gen  total 12288K, used 8108K [0x8e800000, 0x8f400000, 0x92800000)
   the space 12288K,  65% used [0x8e800000, 0x8efeb088, 0x8efeb200, 0x8f400000)
    ro space 10240K,  58% used [0x92800000, 0x92de1320, 0x92de1400, 0x93200000)
    rw space 12288K,  59% used [0x93200000, 0x93916340, 0x93916400, 0x93e00000)
Event: 14916.069 GC heap after
Heap after GC invocations=3330 (full 19):
 def new generation   total 90368K, used 3649K [0x6e800000, 0x74a00000, 0x792a0000)
  eden space 80384K,   0% used [0x6e800000, 0x6e800000, 0x73680000)
  from space 9984K,  36% used [0x74040000, 0x743d0590, 0x74a00000)
  to   space 9984K,   0% used [0x73680000, 0x73680000, 0x74040000)
 tenured generation   total 200556K, used 200085K [0x792a0000, 0x8567b000, 0x8e800000)
   the space 200556K,  99% used [0x792a0000, 0x85605770, 0x85605800, 0x8567b000)
 compacting perm gen  total 12288K, used 8108K [0x8e800000, 0x8f400000, 0x92800000)
   the space 12288K,  65% used [0x8e800000, 0x8efeb088, 0x8efeb200, 0x8f400000)
    ro space 10240K,  58% used [0x92800000, 0x92de1320, 0x92de1400, 0x93200000)
    rw space 12288K,  59% used [0x93200000, 0x93916340, 0x93916400, 0x93e00000)
}
Event: 14917.174 GC heap before
{Heap before GC invocations=3330 (full 19):
 def new generation   total 90368K, used 84033K [0x6e800000, 0x74a00000, 0x792a0000)
  eden space 80384K, 100% used [0x6e800000, 0x73680000, 0x73680000)
  from space 9984K,  36% used [0x74040000, 0x743d0590, 0x74a00000)
  to   space 9984K,   0% used [0x73680000, 0x73680000, 0x74040000)
 tenured generation   total 200556K, used 200085K [0x792a0000, 0x8567b000, 0x8e800000)
   the space 200556K,  99% used [0x792a0000, 0x85605770, 0x85605800, 0x8567b000)
 compacting perm gen  total 12288K, used 8108K [0x8e800000, 0x8f400000, 0x92800000)
   the space 12288K,  65% used [0x8e800000, 0x8efeb088, 0x8efeb200, 0x8f400000)
    ro space 10240K,  58% used [0x92800000, 0x92de1320, 0x92de1400, 0x93200000)
    rw space 12288K,  59% used [0x93200000, 0x93916340, 0x93916400, 0x93e00000)
Event: 14917.184 GC heap after
Heap after GC invocations=3331 (full 19):
 def new generation   total 90368K, used 3603K [0x6e800000, 0x74a00000, 0x792a0000)
  eden space 80384K,   0% used [0x6e800000, 0x6e800000, 0x73680000)
  from space 9984K,  36% used [0x73680000, 0x73a04d20, 0x74040000)
  to   space 9984K,   0% used [0x74040000, 0x74040000, 0x74a00000)
 tenured generation   total 200556K, used 200321K [0x792a0000, 0x8567b000, 0x8e800000)
   the space 200556K,  99% used [0x792a0000, 0x85640640, 0x85640800, 0x8567b000)
 compacting perm gen  total 12288K, used 8108K [0x8e800000, 0x8f400000, 0x92800000)
   the space 12288K,  65% used [0x8e800000, 0x8efeb088, 0x8efeb200, 0x8f400000)
    ro space 10240K,  58% used [0x92800000, 0x92de1320, 0x92de1400, 0x93200000)
    rw space 12288K,  59% used [0x93200000, 0x93916340, 0x93916400, 0x93e00000)
}
Event: 14918.498 GC heap before
{Heap before GC invocations=3331 (full 19):
 def new generation   total 90368K, used 83952K [0x6e800000, 0x74a00000, 0x792a0000)
  eden space 80384K,  99% used [0x6e800000, 0x73677398, 0x73680000)
  from space 9984K,  36% used [0x73680000, 0x73a04d20, 0x74040000)
  to   space 9984K,   0% used [0x74040000, 0x74040000, 0x74a00000)
 tenured generation   total 200556K, used 200321K [0x792a0000, 0x8567b000, 0x8e800000)
   the space 200556K,  99% used [0x792a0000, 0x85640640, 0x85640800, 0x8567b000)
 compacting perm gen  total 12288K, used 8108K [0x8e800000, 0x8f400000, 0x92800000)
   the space 12288K,  65% used [0x8e800000, 0x8efeb088, 0x8efeb200, 0x8f400000)
    ro space 10240K,  58% used [0x92800000, 0x92de1320, 0x92de1400, 0x93200000)
    rw space 12288K,  59% used [0x93200000, 0x93916340, 0x93916400, 0x93e00000)
Event: 14918.510 GC heap after
Heap after GC invocations=3332 (full 19):
 def new generation   total 90368K, used 3602K [0x6e800000, 0x74a00000, 0x792a0000)
  eden space 80384K,   0% used [0x6e800000, 0x6e800000, 0x73680000)
  from space 9984K,  36% used [0x74040000, 0x743c4ba0, 0x74a00000)
  to   space 9984K,   0% used [0x73680000, 0x73680000, 0x74040000)
 tenured generation   total 200556K, used 200522K [0x792a0000, 0x8567b000, 0x8e800000)
   the space 200556K,  99% used [0x792a0000, 0x856728b8, 0x85672a00, 0x8567b000)
 compacting perm gen  total 12288K, used 8108K [0x8e800000, 0x8f400000, 0x92800000)
   the space 12288K,  65% used [0x8e800000, 0x8efeb088, 0x8efeb200, 0x8f400000)
    ro space 10240K,  58% used [0x92800000, 0x92de1320, 0x92de1400, 0x93200000)
    rw space 12288K,  59% used [0x93200000, 0x93916340, 0x93916400, 0x93e00000)
}
Event: 14919.455 GC heap before
{Heap before GC invocations=3332 (full 19):
 def new generation   total 90368K, used 83986K [0x6e800000, 0x74a00000, 0x792a0000)
  eden space 80384K, 100% used [0x6e800000, 0x73680000, 0x73680000)
  from space 9984K,  36% used [0x74040000, 0x743c4ba0, 0x74a00000)
  to   space 9984K,   0% used [0x73680000, 0x73680000, 0x74040000)
 tenured generation   total 200556K, used 200522K [0x792a0000, 0x8567b000, 0x8e800000)
   the space 200556K,  99% used [0x792a0000, 0x856728b8, 0x85672a00, 0x8567b000)
 compacting perm gen  total 12288K, used 8108K [0x8e800000, 0x8f400000, 0x92800000)
   the space 12288K,  65% used [0x8e800000, 0x8efeb088, 0x8efeb200, 0x8f400000)
    ro space 10240K,  58% used [0x92800000, 0x92de1320, 0x92de1400, 0x93200000)
    rw space 12288K,  59% used [0x93200000, 0x93916340, 0x93916400, 0x93e00000)

