# JRE version: OpenJDK Runtime Environment (7.0_79-b14) (build 1.7.0_79-b14)
# Java VM: OpenJDK Client VM (24.79-b02 mixed mode, sharing linux-x86 )
Heap
 def new generation   total 115712K, used 3963K [0x6e800000, 0x76580000, 0x792a0000)
  eden space 102912K,   3% used [0x6e800000, 0x6ebdecb8, 0x74c80000)
  from space 12800K,   0% used [0x74c80000, 0x74c80000, 0x75900000)
  to   space 12800K,   0% used [0x75900000, 0x75900000, 0x76580000)
 tenured generation   total 257340K, used 257337K [0x792a0000, 0x88def000, 0x8e800000)
   the space 257340K,  99% used [0x792a0000, 0x88dee680, 0x88dee800, 0x88def000)
 compacting perm gen  total 12288K, used 7920K [0x8e800000, 0x8f400000, 0x92800000)
   the space 12288K,  64% used [0x8e800000, 0x8efbc1e0, 0x8efbc200, 0x8f400000)
    ro space 10240K,  58% used [0x92800000, 0x92de1320, 0x92de1400, 0x93200000)
    rw space 12288K,  59% used [0x93200000, 0x93916340, 0x93916400, 0x93e00000)
GC Heap History (10 events):
Event: 2977.848 GC heap after
Heap after GC invocations=1475 (full 8):
 def new generation   total 115712K, used 4606K [0x6e800000, 0x76580000, 0x792a0000)
  eden space 102912K,   0% used [0x6e800000, 0x6e800000, 0x74c80000)
  from space 12800K,  35% used [0x75900000, 0x75d7fa00, 0x76580000)
  to   space 12800K,   0% used [0x74c80000, 0x74c80000, 0x75900000)
 tenured generation   total 256872K, used 255522K [0x792a0000, 0x88d7a000, 0x8e800000)
   the space 256872K,  99% used [0x792a0000, 0x88c28b60, 0x88c28c00, 0x88d7a000)
 compacting perm gen  total 12288K, used 7920K [0x8e800000, 0x8f400000, 0x92800000)
   the space 12288K,  64% used [0x8e800000, 0x8efbc1e0, 0x8efbc200, 0x8f400000)
    ro space 10240K,  58% used [0x92800000, 0x92de1320, 0x92de1400, 0x93200000)
    rw space 12288K,  59% used [0x93200000, 0x93916340, 0x93916400, 0x93e00000)
}
Event: 2978.299 GC heap before
{Heap before GC invocations=1475 (full 8):
 def new generation   total 115712K, used 107331K [0x6e800000, 0x76580000, 0x792a0000)
  eden space 102912K,  99% used [0x6e800000, 0x74c51280, 0x74c80000)
  from space 12800K,  35% used [0x75900000, 0x75d7fa00, 0x76580000)
  to   space 12800K,   0% used [0x74c80000, 0x74c80000, 0x75900000)
 tenured generation   total 256872K, used 255522K [0x792a0000, 0x88d7a000, 0x8e800000)
   the space 256872K,  99% used [0x792a0000, 0x88c28b60, 0x88c28c00, 0x88d7a000)
 compacting perm gen  total 12288K, used 7920K [0x8e800000, 0x8f400000, 0x92800000)
   the space 12288K,  64% used [0x8e800000, 0x8efbc1e0, 0x8efbc200, 0x8f400000)
    ro space 10240K,  58% used [0x92800000, 0x92de1320, 0x92de1400, 0x93200000)
    rw space 12288K,  59% used [0x93200000, 0x93916340, 0x93916400, 0x93e00000)
Event: 2978.306 GC heap after
Heap after GC invocations=1476 (full 8):
 def new generation   total 115712K, used 4822K [0x6e800000, 0x76580000, 0x792a0000)
  eden space 102912K,   0% used [0x6e800000, 0x6e800000, 0x74c80000)
  from space 12800K,  37% used [0x74c80000, 0x75135878, 0x75900000)
  to   space 12800K,   0% used [0x75900000, 0x75900000, 0x76580000)
 tenured generation   total 256872K, used 255715K [0x792a0000, 0x88d7a000, 0x8e800000)
   the space 256872K,  99% used [0x792a0000, 0x88c58c20, 0x88c58e00, 0x88d7a000)
 compacting perm gen  total 12288K, used 7920K [0x8e800000, 0x8f400000, 0x92800000)
   the space 12288K,  64% used [0x8e800000, 0x8efbc1e0, 0x8efbc200, 0x8f400000)
    ro space 10240K,  58% used [0x92800000, 0x92de1320, 0x92de1400, 0x93200000)
    rw space 12288K,  59% used [0x93200000, 0x93916340, 0x93916400, 0x93e00000)
}
Event: 2978.728 GC heap before
{Heap before GC invocations=1476 (full 8):
 def new generation   total 115712K, used 107711K [0x6e800000, 0x76580000, 0x792a0000)
  eden space 102912K,  99% used [0x6e800000, 0x74c7a390, 0x74c80000)
  from space 12800K,  37% used [0x74c80000, 0x75135878, 0x75900000)
  to   space 12800K,   0% used [0x75900000, 0x75900000, 0x76580000)
 tenured generation   total 256872K, used 255715K [0x792a0000, 0x88d7a000, 0x8e800000)
   the space 256872K,  99% used [0x792a0000, 0x88c58c20, 0x88c58e00, 0x88d7a000)
 compacting perm gen  total 12288K, used 7920K [0x8e800000, 0x8f400000, 0x92800000)
   the space 12288K,  64% used [0x8e800000, 0x8efbc1e0, 0x8efbc200, 0x8f400000)
    ro space 10240K,  58% used [0x92800000, 0x92de1320, 0x92de1400, 0x93200000)
    rw space 12288K,  59% used [0x93200000, 0x93916340, 0x93916400, 0x93e00000)
Event: 2978.734 GC heap after
Heap after GC invocations=1477 (full 8):
 def new generation   total 115712K, used 4870K [0x6e800000, 0x76580000, 0x792a0000)
  eden space 102912K,   0% used [0x6e800000, 0x6e800000, 0x74c80000)
  from space 12800K,  38% used [0x75900000, 0x75dc1a80, 0x76580000)
  to   space 12800K,   0% used [0x74c80000, 0x74c80000, 0x75900000)
 tenured generation   total 256872K, used 255901K [0x792a0000, 0x88d7a000, 0x8e800000)
   the space 256872K,  99% used [0x792a0000, 0x88c875e0, 0x88c87600, 0x88d7a000)
 compacting perm gen  total 12288K, used 7920K [0x8e800000, 0x8f400000, 0x92800000)
   the space 12288K,  64% used [0x8e800000, 0x8efbc1e0, 0x8efbc200, 0x8f400000)
    ro space 10240K,  58% used [0x92800000, 0x92de1320, 0x92de1400, 0x93200000)
    rw space 12288K,  59% used [0x93200000, 0x93916340, 0x93916400, 0x93e00000)
}
Event: 2979.163 GC heap before
{Heap before GC invocations=1477 (full 8):
 def new generation   total 115712K, used 107451K [0x6e800000, 0x76580000, 0x792a0000)
  eden space 102912K,  99% used [0x6e800000, 0x74c2d2e0, 0x74c80000)
  from space 12800K,  38% used [0x75900000, 0x75dc1a80, 0x76580000)
  to   space 12800K,   0% used [0x74c80000, 0x74c80000, 0x75900000)
 tenured generation   total 256872K, used 255901K [0x792a0000, 0x88d7a000, 0x8e800000)
   the space 256872K,  99% used [0x792a0000, 0x88c875e0, 0x88c87600, 0x88d7a000)
 compacting perm gen  total 12288K, used 7920K [0x8e800000, 0x8f400000, 0x92800000)
   the space 12288K,  64% used [0x8e800000, 0x8efbc1e0, 0x8efbc200, 0x8f400000)
    ro space 10240K,  58% used [0x92800000, 0x92de1320, 0x92de1400, 0x93200000)
    rw space 12288K,  59% used [0x93200000, 0x93916340, 0x93916400, 0x93e00000)
Event: 2979.169 GC heap after
Heap after GC invocations=1478 (full 8):
 def new generation   total 115712K, used 4812K [0x6e800000, 0x76580000, 0x792a0000)
  eden space 102912K,   0% used [0x6e800000, 0x6e800000, 0x74c80000)
  from space 12800K,  37% used [0x74c80000, 0x751333c0, 0x75900000)
  to   space 12800K,   0% used [0x75900000, 0x75900000, 0x76580000)
 tenured generation   total 256872K, used 256126K [0x792a0000, 0x88d7a000, 0x8e800000)
   the space 256872K,  99% used [0x792a0000, 0x88cbf820, 0x88cbfa00, 0x88d7a000)
 compacting perm gen  total 12288K, used 7920K [0x8e800000, 0x8f400000, 0x92800000)
   the space 12288K,  64% used [0x8e800000, 0x8efbc1e0, 0x8efbc200, 0x8f400000)
    ro space 10240K,  58% used [0x92800000, 0x92de1320, 0x92de1400, 0x93200000)
    rw space 12288K,  59% used [0x93200000, 0x93916340, 0x93916400, 0x93e00000)
}
Event: 2979.621 GC heap before
{Heap before GC invocations=1478 (full 8):
 def new generation   total 115712K, used 107697K [0x6e800000, 0x76580000, 0x792a0000)
  eden space 102912K,  99% used [0x6e800000, 0x74c79380, 0x74c80000)
  from space 12800K,  37% used [0x74c80000, 0x751333c0, 0x75900000)
  to   space 12800K,   0% used [0x75900000, 0x75900000, 0x76580000)
 tenured generation   total 256872K, used 256126K [0x792a0000, 0x88d7a000, 0x8e800000)
   the space 256872K,  99% used [0x792a0000, 0x88cbf820, 0x88cbfa00, 0x88d7a000)
 compacting perm gen  total 12288K, used 7920K [0x8e800000, 0x8f400000, 0x92800000)
   the space 12288K,  64% used [0x8e800000, 0x8efbc1e0, 0x8efbc200, 0x8f400000)
    ro space 10240K,  58% used [0x92800000, 0x92de1320, 0x92de1400, 0x93200000)
    rw space 12288K,  59% used [0x93200000, 0x93916340, 0x93916400, 0x93e00000)
Event: 2979.628 GC heap after
Heap after GC invocations=1479 (full 8):
 def new generation   total 115712K, used 4480K [0x6e800000, 0x76580000, 0x792a0000)
  eden space 102912K,   0% used [0x6e800000, 0x6e800000, 0x74c80000)
  from space 12800K,  35% used [0x75900000, 0x75d601d0, 0x76580000)
  to   space 12800K,   0% used [0x74c80000, 0x74c80000, 0x75900000)
 tenured generation   total 256872K, used 256644K [0x792a0000, 0x88d7a000, 0x8e800000)
   the space 256872K,  99% used [0x792a0000, 0x88d41280, 0x88d41400, 0x88d7a000)
 compacting perm gen  total 12288K, used 7920K [0x8e800000, 0x8f400000, 0x92800000)
   the space 12288K,  64% used [0x8e800000, 0x8efbc1e0, 0x8efbc200, 0x8f400000)
    ro space 10240K,  58% used [0x92800000, 0x92de1320, 0x92de1400, 0x93200000)
    rw space 12288K,  59% used [0x93200000, 0x93916340, 0x93916400, 0x93e00000)
}
Event: 2980.087 GC heap before
{Heap before GC invocations=1479 (full 8):
 def new generation   total 115712K, used 107356K [0x6e800000, 0x76580000, 0x792a0000)
  eden space 102912K,  99% used [0x6e800000, 0x74c771e8, 0x74c80000)
  from space 12800K,  35% used [0x75900000, 0x75d601d0, 0x76580000)
  to   space 12800K,   0% used [0x74c80000, 0x74c80000, 0x75900000)
 tenured generation   total 256872K, used 256644K [0x792a0000, 0x88d7a000, 0x8e800000)
   the space 256872K,  99% used [0x792a0000, 0x88d41280, 0x88d41400, 0x88d7a000)
 compacting perm gen  total 12288K, used 7920K [0x8e800000, 0x8f400000, 0x92800000)
   the space 12288K,  64% used [0x8e800000, 0x8efbc1e0, 0x8efbc200, 0x8f400000)
    ro space 10240K,  58% used [0x92800000, 0x92de1320, 0x92de1400, 0x93200000)
    rw space 12288K,  59% used [0x93200000, 0x93916340, 0x93916400, 0x93e00000)

