# JRE version: OpenJDK Runtime Environment (7.0_79-b14) (build 1.7.0_79-b14)
# Java VM: OpenJDK Client VM (24.79-b02 mixed mode, sharing linux-x86 )
Heap
 def new generation   total 106368K, used 0K [0x6e800000, 0x75b60000, 0x792a0000)
  eden space 94592K,   0% used [0x6e800000, 0x6e800000, 0x74460000)
  from space 11776K,   0% used [0x74fe0000, 0x74fe0000, 0x75b60000)
  to   space 11776K,   0% used [0x74460000, 0x74460000, 0x74fe0000)
 tenured generation   total 236176K, used 198751K [0x792a0000, 0x87944000, 0x8e800000)
   the space 236176K,  84% used [0x792a0000, 0x854b7c60, 0x854b7e00, 0x87944000)
 compacting perm gen  total 12288K, used 8206K [0x8e800000, 0x8f400000, 0x92800000)
   the space 12288K,  66% used [0x8e800000, 0x8f003b38, 0x8f003c00, 0x8f400000)
    ro space 10240K,  58% used [0x92800000, 0x92de1320, 0x92de1400, 0x93200000)
    rw space 12288K,  59% used [0x93200000, 0x93916340, 0x93916400, 0x93e00000)
GC Heap History (10 events):
Event: 1675.887 GC heap after
Heap after GC invocations=1242 (full 8):
 def new generation   total 106368K, used 3991K [0x6e800000, 0x75b60000, 0x792a0000)
  eden space 94592K,   0% used [0x6e800000, 0x6e800000, 0x74460000)
  from space 11776K,  33% used [0x74fe0000, 0x753c5e38, 0x75b60000)
  to   space 11776K,   0% used [0x74460000, 0x74460000, 0x74fe0000)
 tenured generation   total 236176K, used 194712K [0x792a0000, 0x87944000, 0x8e800000)
   the space 236176K,  82% used [0x792a0000, 0x850c6230, 0x850c6400, 0x87944000)
 compacting perm gen  total 12288K, used 8206K [0x8e800000, 0x8f400000, 0x92800000)
   the space 12288K,  66% used [0x8e800000, 0x8f003b28, 0x8f003c00, 0x8f400000)
    ro space 10240K,  58% used [0x92800000, 0x92de1320, 0x92de1400, 0x93200000)
    rw space 12288K,  59% used [0x93200000, 0x93916340, 0x93916400, 0x93e00000)
}
Event: 1680.051 GC heap before
{Heap before GC invocations=1242 (full 8):
 def new generation   total 106368K, used 98583K [0x6e800000, 0x75b60000, 0x792a0000)
  eden space 94592K, 100% used [0x6e800000, 0x74460000, 0x74460000)
  from space 11776K,  33% used [0x74fe0000, 0x753c5e38, 0x75b60000)
  to   space 11776K,   0% used [0x74460000, 0x74460000, 0x74fe0000)
 tenured generation   total 236176K, used 194712K [0x792a0000, 0x87944000, 0x8e800000)
   the space 236176K,  82% used [0x792a0000, 0x850c6230, 0x850c6400, 0x87944000)
 compacting perm gen  total 12288K, used 8206K [0x8e800000, 0x8f400000, 0x92800000)
   the space 12288K,  66% used [0x8e800000, 0x8f003b28, 0x8f003c00, 0x8f400000)
    ro space 10240K,  58% used [0x92800000, 0x92de1320, 0x92de1400, 0x93200000)
    rw space 12288K,  59% used [0x93200000, 0x93916340, 0x93916400, 0x93e00000)
Event: 1680.058 GC heap after
Heap after GC invocations=1243 (full 8):
 def new generation   total 106368K, used 4026K [0x6e800000, 0x75b60000, 0x792a0000)
  eden space 94592K,   0% used [0x6e800000, 0x6e800000, 0x74460000)
  from space 11776K,  34% used [0x74460000, 0x7484e918, 0x74fe0000)
  to   space 11776K,   0% used [0x74fe0000, 0x74fe0000, 0x75b60000)
 tenured generation   total 236176K, used 194993K [0x792a0000, 0x87944000, 0x8e800000)
   the space 236176K,  82% used [0x792a0000, 0x8510c658, 0x8510c800, 0x87944000)
 compacting perm gen  total 12288K, used 8206K [0x8e800000, 0x8f400000, 0x92800000)
   the space 12288K,  66% used [0x8e800000, 0x8f003b28, 0x8f003c00, 0x8f400000)
    ro space 10240K,  58% used [0x92800000, 0x92de1320, 0x92de1400, 0x93200000)
    rw space 12288K,  59% used [0x93200000, 0x93916340, 0x93916400, 0x93e00000)
}
Event: 1684.069 GC heap before
{Heap before GC invocations=1243 (full 8):
 def new generation   total 106368K, used 98618K [0x6e800000, 0x75b60000, 0x792a0000)
  eden space 94592K, 100% used [0x6e800000, 0x74460000, 0x74460000)
  from space 11776K,  34% used [0x74460000, 0x7484e918, 0x74fe0000)
  to   space 11776K,   0% used [0x74fe0000, 0x74fe0000, 0x75b60000)
 tenured generation   total 236176K, used 194993K [0x792a0000, 0x87944000, 0x8e800000)
   the space 236176K,  82% used [0x792a0000, 0x8510c658, 0x8510c800, 0x87944000)
 compacting perm gen  total 12288K, used 8206K [0x8e800000, 0x8f400000, 0x92800000)
   the space 12288K,  66% used [0x8e800000, 0x8f003b28, 0x8f003c00, 0x8f400000)
    ro space 10240K,  58% used [0x92800000, 0x92de1320, 0x92de1400, 0x93200000)
    rw space 12288K,  59% used [0x93200000, 0x93916340, 0x93916400, 0x93e00000)
Event: 1684.076 GC heap after
Heap after GC invocations=1244 (full 8):
 def new generation   total 106368K, used 3531K [0x6e800000, 0x75b60000, 0x792a0000)
  eden space 94592K,   0% used [0x6e800000, 0x6e800000, 0x74460000)
  from space 11776K,  29% used [0x74fe0000, 0x75352f90, 0x75b60000)
  to   space 11776K,   0% used [0x74460000, 0x74460000, 0x74fe0000)
 tenured generation   total 236176K, used 195536K [0x792a0000, 0x87944000, 0x8e800000)
   the space 236176K,  82% used [0x792a0000, 0x851940d0, 0x85194200, 0x87944000)
 compacting perm gen  total 12288K, used 8206K [0x8e800000, 0x8f400000, 0x92800000)
   the space 12288K,  66% used [0x8e800000, 0x8f003b28, 0x8f003c00, 0x8f400000)
    ro space 10240K,  58% used [0x92800000, 0x92de1320, 0x92de1400, 0x93200000)
    rw space 12288K,  59% used [0x93200000, 0x93916340, 0x93916400, 0x93e00000)
}
Event: 1688.298 GC heap before
{Heap before GC invocations=1244 (full 8):
 def new generation   total 106368K, used 98123K [0x6e800000, 0x75b60000, 0x792a0000)
  eden space 94592K, 100% used [0x6e800000, 0x74460000, 0x74460000)
  from space 11776K,  29% used [0x74fe0000, 0x75352f90, 0x75b60000)
  to   space 11776K,   0% used [0x74460000, 0x74460000, 0x74fe0000)
 tenured generation   total 236176K, used 195536K [0x792a0000, 0x87944000, 0x8e800000)
   the space 236176K,  82% used [0x792a0000, 0x851940d0, 0x85194200, 0x87944000)
 compacting perm gen  total 12288K, used 8206K [0x8e800000, 0x8f400000, 0x92800000)
   the space 12288K,  66% used [0x8e800000, 0x8f003b28, 0x8f003c00, 0x8f400000)
    ro space 10240K,  58% used [0x92800000, 0x92de1320, 0x92de1400, 0x93200000)
    rw space 12288K,  59% used [0x93200000, 0x93916340, 0x93916400, 0x93e00000)
Event: 1688.305 GC heap after
Heap after GC invocations=1245 (full 8):
 def new generation   total 106368K, used 3405K [0x6e800000, 0x75b60000, 0x792a0000)
  eden space 94592K,   0% used [0x6e800000, 0x6e800000, 0x74460000)
  from space 11776K,  28% used [0x74460000, 0x747b36b0, 0x74fe0000)
  to   space 11776K,   0% used [0x74fe0000, 0x74fe0000, 0x75b60000)
 tenured generation   total 236176K, used 195863K [0x792a0000, 0x87944000, 0x8e800000)
   the space 236176K,  82% used [0x792a0000, 0x851e5df8, 0x851e5e00, 0x87944000)
 compacting perm gen  total 12288K, used 8206K [0x8e800000, 0x8f400000, 0x92800000)
   the space 12288K,  66% used [0x8e800000, 0x8f003b28, 0x8f003c00, 0x8f400000)
    ro space 10240K,  58% used [0x92800000, 0x92de1320, 0x92de1400, 0x93200000)
    rw space 12288K,  59% used [0x93200000, 0x93916340, 0x93916400, 0x93e00000)
}
Event: 1692.617 GC heap before
{Heap before GC invocations=1245 (full 8):
 def new generation   total 106368K, used 97997K [0x6e800000, 0x75b60000, 0x792a0000)
  eden space 94592K, 100% used [0x6e800000, 0x74460000, 0x74460000)
  from space 11776K,  28% used [0x74460000, 0x747b36b0, 0x74fe0000)
  to   space 11776K,   0% used [0x74fe0000, 0x74fe0000, 0x75b60000)
 tenured generation   total 236176K, used 195863K [0x792a0000, 0x87944000, 0x8e800000)
   the space 236176K,  82% used [0x792a0000, 0x851e5df8, 0x851e5e00, 0x87944000)
 compacting perm gen  total 12288K, used 8206K [0x8e800000, 0x8f400000, 0x92800000)
   the space 12288K,  66% used [0x8e800000, 0x8f003b28, 0x8f003c00, 0x8f400000)
    ro space 10240K,  58% used [0x92800000, 0x92de1320, 0x92de1400, 0x93200000)
    rw space 12288K,  59% used [0x93200000, 0x93916340, 0x93916400, 0x93e00000)
Event: 1692.624 GC heap after
Heap after GC invocations=1246 (full 8):
 def new generation   total 106368K, used 3297K [0x6e800000, 0x75b60000, 0x792a0000)
  eden space 94592K,   0% used [0x6e800000, 0x6e800000, 0x74460000)
  from space 11776K,  28% used [0x74fe0000, 0x75318790, 0x75b60000)
  to   space 11776K,   0% used [0x74460000, 0x74460000, 0x74fe0000)
 tenured generation   total 236176K, used 196124K [0x792a0000, 0x87944000, 0x8e800000)
   the space 236176K,  83% used [0x792a0000, 0x852271c8, 0x85227200, 0x87944000)
 compacting perm gen  total 12288K, used 8206K [0x8e800000, 0x8f400000, 0x92800000)
   the space 12288K,  66% used [0x8e800000, 0x8f003b28, 0x8f003c00, 0x8f400000)
    ro space 10240K,  58% used [0x92800000, 0x92de1320, 0x92de1400, 0x93200000)
    rw space 12288K,  59% used [0x93200000, 0x93916340, 0x93916400, 0x93e00000)
}
Event: 1700.646 GC heap before
{Heap before GC invocations=1246 (full 8):
 def new generation   total 106368K, used 85111K [0x6e800000, 0x75b60000, 0x792a0000)
  eden space 94592K,  86% used [0x6e800000, 0x737e5730, 0x74460000)
  from space 11776K,  28% used [0x74fe0000, 0x75318790, 0x75b60000)
  to   space 11776K,   0% used [0x74460000, 0x74460000, 0x74fe0000)
 tenured generation   total 236176K, used 196124K [0x792a0000, 0x87944000, 0x8e800000)
   the space 236176K,  83% used [0x792a0000, 0x852271c8, 0x85227200, 0x87944000)
 compacting perm gen  total 12288K, used 8206K [0x8e800000, 0x8f400000, 0x92800000)
   the space 12288K,  66% used [0x8e800000, 0x8f003b38, 0x8f003c00, 0x8f400000)
    ro space 10240K,  58% used [0x92800000, 0x92de1320, 0x92de1400, 0x93200000)
    rw space 12288K,  59% used [0x93200000, 0x93916340, 0x93916400, 0x93e00000)

